['LuCaP_173', 'LuCaP_167', 'LuCaP_93', 'LuCaP_81', 'LuCaP_70', 'LuCaP_189', 'LuCaP_78', 'LuCaP_208', 'LuCaP_86', 'LuCaP_141', 'LuCaP_58', 'LuCaP_77', 'LuCaP_170', 'LuCaP_145', 'LuCaP_49', 'LuCaP_136', 'LuCaP_92']
[INFO] Loading intervals for LuCaP_173
[INFO] (time) Overhead time to load modules and set environment is 0.014584000000000152
[MEMORY NORMAL USAGE] LuCaP_173 | chr5_135485668_135485677: 1013782272
[MEMORY NORMAL USAGE] LuCaP_173 | chr9_111057330_111057339: 1013782272
[MEMORY NORMAL USAGE] LuCaP_173 | chr11_77601761_77601770: 1013782272
[MEMORY NORMAL USAGE] LuCaP_173 | chr4_28507991_28508000: 1013782272
[MEMORY NORMAL USAGE] LuCaP_173 | chr5_57827317_57827326: 1013782272
[MEMORY NORMAL USAGE] LuCaP_173 | chr3_109866494_109866503: 1013782272
[MEMORY NORMAL USAGE] LuCaP_173 | chr2_241005566_241005575: 1013782272
[MEMORY NORMAL USAGE] LuCaP_173 | chr3_93812598_93812607: 1013782272
[MEMORY NORMAL USAGE] LuCaP_173 | chr13_46786919_46786928: 1013782272
[MEMORY NORMAL USAGE] LuCaP_173 | chr6_25243050_25243059: 1013782272
[MEMORY NORMAL USAGE] LuCaP_173 | chr12_58344669_58344678: 1013782272
[MEMORY NORMAL USAGE] LuCaP_173 | chr1_215634235_215634244: 1013782272
[MEMORY NORMAL USAGE] LuCaP_173 | chr12_44710466_44710475: 1013782272
[MEMORY NORMAL USAGE] LuCaP_173 | chr18_51264959_51264968: 1013782272
[MEMORY NORMAL USAGE] LuCaP_173 | chr19_17980305_17980314: 1013782272
[MEMORY NORMAL USAGE] LuCaP_173 | chr4_131957128_131957137: 1013782272
[MEMORY NORMAL USAGE] LuCaP_173 | chrX_31987310_31987319: 1013782272
[MEMORY NORMAL USAGE] LuCaP_173 | chr20_16833375_16833384: 1013782272
[MEMORY NORMAL USAGE] LuCaP_173 | chr8_112303586_112303595: 1013782272
[MEMORY NORMAL USAGE] LuCaP_173 | chr7_126843221_126843230: 1013782272
[CACHE NORMAL INFO] CacheInfo(hits=0, misses=1, maxsize=1, currsize=1)
[MEMORY NORMAL USAGE] LuCaP_173 | chr11_128820082_128820091: 1013782272
[MEMORY NORMAL USAGE] LuCaP_173 | chr4_84183995_84184004: 1013782272
[MEMORY NORMAL USAGE] LuCaP_173 | chr3_115605755_115605764: 1013782272
[MEMORY NORMAL USAGE] LuCaP_173 | chr3_22084973_22084982: 1013782272
[MEMORY NORMAL USAGE] LuCaP_173 | chr11_37907314_37907323: 1013782272
[MEMORY NORMAL USAGE] LuCaP_173 | chr3_146129614_146129623: 1013782272
[MEMORY NORMAL USAGE] LuCaP_173 | chr2_107486916_107486925: 1013782272
[MEMORY NORMAL USAGE] LuCaP_173 | chr9_114499045_114499054: 1013782272
[MEMORY NORMAL USAGE] LuCaP_173 | chr2_236796789_236796798: 1013782272
[MEMORY NORMAL USAGE] LuCaP_173 | chr4_120699842_120699851: 1013782272
[MEMORY NORMAL USAGE] LuCaP_173 | chr12_4024389_4024398: 1013782272
[MEMORY NORMAL USAGE] LuCaP_173 | chr5_42163165_42163174: 1013782272
[MEMORY NORMAL USAGE] LuCaP_173 | chr7_115388414_115388423: 1013782272
[MEMORY NORMAL USAGE] LuCaP_173 | chr19_21729437_21729446: 1013782272
[MEMORY NORMAL USAGE] LuCaP_173 | chr12_41642258_41642267: 1013782272
[MEMORY NORMAL USAGE] LuCaP_173 | chr19_5987450_5987459: 1013782272
[MEMORY NORMAL USAGE] LuCaP_173 | chr1_216000854_216000863: 1013782272
[MEMORY NORMAL USAGE] LuCaP_173 | chr6_64032141_64032150: 1013782272
[MEMORY NORMAL USAGE] LuCaP_173 | chr4_88664912_88664921: 1013782272
[MEMORY NORMAL USAGE] LuCaP_173 | chr5_123155288_123155297: 1013782272
[CACHE NORMAL INFO] CacheInfo(hits=1, misses=1, maxsize=1, currsize=1)
[MEMORY NORMAL USAGE] LuCaP_173 | chr10_65710077_65710086: 1013782272
[MEMORY NORMAL USAGE] LuCaP_173 | chr2_62194640_62194649: 1013782272
[MEMORY NORMAL USAGE] LuCaP_173 | chr6_22105693_22105702: 1013782272
[MEMORY NORMAL USAGE] LuCaP_173 | chr4_141908963_141908972: 1013782272
[MEMORY NORMAL USAGE] LuCaP_173 | chr3_101088908_101088917: 1013782272
[MEMORY NORMAL USAGE] LuCaP_173 | chr14_22099421_22099430: 1013782272
[MEMORY NORMAL USAGE] LuCaP_173 | chr6_103134515_103134524: 1013782272
[MEMORY NORMAL USAGE] LuCaP_173 | chr7_61070928_61070937: 1013782272
[MEMORY NORMAL USAGE] LuCaP_173 | chr5_151710648_151710657: 1013782272
[MEMORY NORMAL USAGE] LuCaP_173 | chr12_5598346_5598355: 1013782272
[MEMORY NORMAL USAGE] LuCaP_173 | chr2_77465674_77465683: 1013782272
[MEMORY NORMAL USAGE] LuCaP_173 | chr2_49714031_49714040: 1013782272
[MEMORY NORMAL USAGE] LuCaP_173 | chr4_41287670_41287679: 1013782272
[MEMORY NORMAL USAGE] LuCaP_173 | chr18_1127044_1127053: 1013782272
[MEMORY NORMAL USAGE] LuCaP_173 | chr1_195518879_195518888: 1013782272
[MEMORY NORMAL USAGE] LuCaP_173 | chr20_33110235_33110244: 1013782272
[MEMORY NORMAL USAGE] LuCaP_173 | chr6_120050762_120050771: 1013782272
[MEMORY NORMAL USAGE] LuCaP_173 | chr6_137209335_137209344: 1013782272
[MEMORY NORMAL USAGE] LuCaP_173 | chr12_27469044_27469053: 1013782272
[MEMORY NORMAL USAGE] LuCaP_173 | chr5_139718200_139718209: 1013782272
[CACHE NORMAL INFO] CacheInfo(hits=2, misses=1, maxsize=1, currsize=1)
[MEMORY NORMAL USAGE] LuCaP_173 | chr2_160795328_160795337: 1013782272
[MEMORY NORMAL USAGE] LuCaP_173 | chr1_7551358_7551367: 1013782272
[MEMORY NORMAL USAGE] LuCaP_173 | chr4_4190357_4190366: 1013782272
[MEMORY NORMAL USAGE] LuCaP_173 | chr9_105714689_105714698: 1013782272
[MEMORY NORMAL USAGE] LuCaP_173 | chr5_119949076_119949085: 1013782272
[MEMORY NORMAL USAGE] LuCaP_173 | chr13_61646920_61646929: 1013782272
[MEMORY NORMAL USAGE] LuCaP_173 | chr3_40972507_40972516: 1013782272
[MEMORY NORMAL USAGE] LuCaP_173 | chr18_25165766_25165775: 1013782272
[MEMORY NORMAL USAGE] LuCaP_173 | chr11_41886866_41886875: 1013782272
[MEMORY NORMAL USAGE] LuCaP_173 | chr2_92283471_92283480: 1013782272
[MEMORY NORMAL USAGE] LuCaP_173 | chr1_195518893_195518902: 1013782272
[MEMORY NORMAL USAGE] LuCaP_173 | chr3_72328531_72328540: 1013782272
[MEMORY NORMAL USAGE] LuCaP_173 | chr19_52772048_52772057: 1013782272
[MEMORY NORMAL USAGE] LuCaP_173 | chr20_13214619_13214628: 1013782272
[MEMORY NORMAL USAGE] LuCaP_173 | chr4_151244660_151244669: 1013782272
[MEMORY NORMAL USAGE] LuCaP_173 | chr4_35134738_35134747: 1013782272
[MEMORY NORMAL USAGE] LuCaP_173 | chr4_186707137_186707146: 1013782272
[MEMORY NORMAL USAGE] LuCaP_173 | chr13_86554758_86554767: 1013782272
[MEMORY NORMAL USAGE] LuCaP_173 | chr9_19267260_19267269: 1013782272
[MEMORY NORMAL USAGE] LuCaP_173 | chr3_60654972_60654981: 1013782272
[CACHE NORMAL INFO] CacheInfo(hits=3, misses=1, maxsize=1, currsize=1)
[MEMORY NORMAL USAGE] LuCaP_173 | chr7_155763434_155763443: 1013782272
[MEMORY NORMAL USAGE] LuCaP_173 | chr8_81015507_81015516: 1013782272
[MEMORY NORMAL USAGE] LuCaP_173 | chr2_199548354_199548363: 1013782272
[MEMORY NORMAL USAGE] LuCaP_173 | chrX_361003_361012: 1013782272
[MEMORY NORMAL USAGE] LuCaP_173 | chr15_97558452_97558461: 1013782272
[MEMORY NORMAL USAGE] LuCaP_173 | chr4_183547599_183547608: 1013782272
[ERROR] chr12_133663660_133663669 is invalid; all nucleotides are N.
[WARNING] chr12_133663660_133663669: Either length of input sequence is invalid (NoneType) or too long or too short
[MEMORY NORMAL USAGE] LuCaP_173 | chr4_7863248_7863257: 1013782272
[ERROR] chr8_146200116_146200125 is invalid; all nucleotides are N.
[WARNING] chr8_146200116_146200125: Either length of input sequence is invalid (NoneType) or too long or too short
[MEMORY NORMAL USAGE] LuCaP_173 | chr2_98813783_98813792: 1013782272
[MEMORY NORMAL USAGE] LuCaP_173 | chr15_42815692_42815701: 1013782272
[MEMORY NORMAL USAGE] LuCaP_173 | chr2_103211535_103211544: 1013782272
[MEMORY NORMAL USAGE] LuCaP_173 | chr5_107042256_107042265: 1013782272
[MEMORY NORMAL USAGE] LuCaP_173 | chr1_231933546_231933555: 1013782272
[MEMORY NORMAL USAGE] LuCaP_173 | chr7_50437485_50437494: 1013782272
[MEMORY NORMAL USAGE] LuCaP_173 | chr12_19717190_19717199: 1013782272
[MEMORY NORMAL USAGE] LuCaP_173 | chr12_57395475_57395484: 1013782272
[MEMORY NORMAL USAGE] LuCaP_173 | chr6_154064129_154064138: 1013782272
[MEMORY NORMAL USAGE] LuCaP_173 | chr12_67634030_67634039: 1013782272
[MEMORY NORMAL USAGE] LuCaP_173 | chr9_70390149_70390158: 1013782272
[CACHE NORMAL INFO] CacheInfo(hits=4, misses=1, maxsize=1, currsize=1)
[MEMORY NORMAL USAGE] LuCaP_173 | chr18_29458005_29458014: 1013782272
[CACHE NORMAL INFO] CacheInfo(hits=5, misses=1, maxsize=1, currsize=1)
[INFO] (time) to create inputs and predict on 100 queries is 21.57669216
[INFO] Finished predictions for LuCaP_173: [0] ...

[INFO] Creating output directory at /projects/covid-ct/imlab/users/temi/projects/TFXcan/enformer-predictions/freedman/matched-predictions/LuCaP_167
[INFO] Loading intervals for LuCaP_167
[INFO] (time) Overhead time to load modules and set environment is 0.017214753000001082
[MEMORY NORMAL USAGE] LuCaP_167 | chr6_69177916_69177925: 1013782272
[MEMORY NORMAL USAGE] LuCaP_167 | chr19_35020118_35020127: 1013782272
[MEMORY NORMAL USAGE] LuCaP_167 | chr6_58656971_58656980: 1013782272
[MEMORY NORMAL USAGE] LuCaP_167 | chr9_118467254_118467263: 1013782272
[MEMORY NORMAL USAGE] LuCaP_167 | chr6_151824353_151824362: 1013782272
[MEMORY NORMAL USAGE] LuCaP_167 | chr11_21061056_21061065: 1013782272
[MEMORY NORMAL USAGE] LuCaP_167 | chr10_73857338_73857347: 1013782272
[MEMORY NORMAL USAGE] LuCaP_167 | chr5_77969912_77969921: 1013782272
[MEMORY NORMAL USAGE] LuCaP_167 | chr3_175270931_175270940: 1013782272
[MEMORY NORMAL USAGE] LuCaP_167 | chr15_41024303_41024312: 1013782272
[MEMORY NORMAL USAGE] LuCaP_167 | chr14_55329737_55329746: 1013782272
[MEMORY NORMAL USAGE] LuCaP_167 | chr18_64543667_64543676: 1013782272
[MEMORY NORMAL USAGE] LuCaP_167 | chr5_134421181_134421190: 1013782272
[MEMORY NORMAL USAGE] LuCaP_167 | chr2_164410761_164410770: 1013782272
[MEMORY NORMAL USAGE] LuCaP_167 | chrX_56121937_56121946: 1013782272
[MEMORY NORMAL USAGE] LuCaP_167 | chr12_31301950_31301959: 1013782272
[MEMORY NORMAL USAGE] LuCaP_167 | chr3_59071743_59071752: 1013782272
[MEMORY NORMAL USAGE] LuCaP_167 | chr15_70909627_70909636: 1013782272
[MEMORY NORMAL USAGE] LuCaP_167 | chr3_164795372_164795381: 1013782272
[MEMORY NORMAL USAGE] LuCaP_167 | chr2_124401837_124401846: 1013782272
[CACHE NORMAL INFO] CacheInfo(hits=6, misses=1, maxsize=1, currsize=1)
[MEMORY NORMAL USAGE] LuCaP_167 | chr20_22917322_22917331: 1013782272
[MEMORY NORMAL USAGE] LuCaP_167 | chr21_24283551_24283560: 1013782272
[MEMORY NORMAL USAGE] LuCaP_167 | chrX_73009395_73009404: 1013782272
[MEMORY NORMAL USAGE] LuCaP_167 | chr5_132233523_132233532: 1013782272
[MEMORY NORMAL USAGE] LuCaP_167 | chr5_124659483_124659492: 1013782272
[MEMORY NORMAL USAGE] LuCaP_167 | chr13_105204583_105204592: 1013782272
[MEMORY NORMAL USAGE] LuCaP_167 | chr12_66089084_66089093: 1013782272
[MEMORY NORMAL USAGE] LuCaP_167 | chr18_35722867_35722876: 1013782272
[MEMORY NORMAL USAGE] LuCaP_167 | chr2_58507079_58507088: 1013782272
[MEMORY NORMAL USAGE] LuCaP_167 | chr3_155193332_155193341: 1013782272
[MEMORY NORMAL USAGE] LuCaP_167 | chr4_133706710_133706719: 1013782272
[MEMORY NORMAL USAGE] LuCaP_167 | chr1_190026112_190026121: 1013782272
[MEMORY NORMAL USAGE] LuCaP_167 | chr21_30666465_30666474: 1013782272
[MEMORY NORMAL USAGE] LuCaP_167 | chr6_22894495_22894504: 1013782272
[MEMORY NORMAL USAGE] LuCaP_167 | chr14_97639264_97639273: 1013782272
[MEMORY NORMAL USAGE] LuCaP_167 | chr4_160943933_160943942: 1013782272
[MEMORY NORMAL USAGE] LuCaP_167 | chr14_38434046_38434055: 1013782272
[MEMORY NORMAL USAGE] LuCaP_167 | chr4_66901543_66901552: 1013782272
[MEMORY NORMAL USAGE] LuCaP_167 | chr1_224781639_224781648: 1013782272
[MEMORY NORMAL USAGE] LuCaP_167 | chr1_178074980_178074989: 1013782272
[CACHE NORMAL INFO] CacheInfo(hits=7, misses=1, maxsize=1, currsize=1)
[MEMORY NORMAL USAGE] LuCaP_167 | chr1_189316556_189316565: 1013782272
[MEMORY NORMAL USAGE] LuCaP_167 | chr11_15640591_15640600: 1013782272
[MEMORY NORMAL USAGE] LuCaP_167 | chr20_19964155_19964164: 1013782272
[MEMORY NORMAL USAGE] LuCaP_167 | chr6_10056348_10056357: 1013782272
[MEMORY NORMAL USAGE] LuCaP_167 | chr15_87697534_87697543: 1013782272
[MEMORY NORMAL USAGE] LuCaP_167 | chr10_87225973_87225982: 1013782272
[MEMORY NORMAL USAGE] LuCaP_167 | chr13_40271685_40271694: 1013782272
[MEMORY NORMAL USAGE] LuCaP_167 | chr12_47046423_47046432: 1013782272
[MEMORY NORMAL USAGE] LuCaP_167 | chr18_6687828_6687837: 1013782272
[MEMORY NORMAL USAGE] LuCaP_167 | chr2_13395677_13395686: 1013782272
[MEMORY NORMAL USAGE] LuCaP_167 | chr5_15742974_15742983: 1013782272
