INFO	2023-05-19 15:20:56	LiftoverVcf	

********** NOTE: Picard's command line syntax is changing.
**********
********** For more information, please see:
********** 
https://github.com/broadinstitute/picard/wiki/Command-Line-Syntax-Transition-For-Users-(Pre-Transition)
**********
********** The command line looks like this in the new syntax:
**********
**********    LiftoverVcf -I /lus/grand/projects/TFXcan/imlab/data/baca_cwas/split_vcf/chrY_CWAS_SNPs_2023-05-15_phased.vcf.gz -O /lus/grand/projects/TFXcan/imlab/data/baca_cwas/split_hg38_vcf/chrY_CWAS_SNPs_2023-05-15_phased.vcf.gz -CHAIN /lus/grand/projects/TFXcan/imlab/data/liftover_files/hg19ToHg38.over.chain.gz -REJECT /lus/grand/projects/TFXcan/imlab/data/baca_cwas/rejected_liftover_records/chrY_CWAS_SNPs_2023-05-15_phased.vcf.gz -R /lus/grand/projects/TFXcan/imlab/data/hg_sequences/hg38/Homo_sapiens_assembly38.fasta -MAX_RECORDS_IN_RAM 100000
**********


15:20:56.326 INFO  NativeLibraryLoader - Loading libgkl_compression.so from jar:file:/lus/grand/projects/TFXcan/imlab/users/temi/software/picard/build/libs/picard.jar!/com/intel/gkl/native/libgkl_compression.so
[Fri May 19 15:20:56 UTC 2023] LiftoverVcf INPUT=/lus/grand/projects/TFXcan/imlab/data/baca_cwas/split_vcf/chrY_CWAS_SNPs_2023-05-15_phased.vcf.gz OUTPUT=/lus/grand/projects/TFXcan/imlab/data/baca_cwas/split_hg38_vcf/chrY_CWAS_SNPs_2023-05-15_phased.vcf.gz CHAIN=/lus/grand/projects/TFXcan/imlab/data/liftover_files/hg19ToHg38.over.chain.gz REJECT=/lus/grand/projects/TFXcan/imlab/data/baca_cwas/rejected_liftover_records/chrY_CWAS_SNPs_2023-05-15_phased.vcf.gz MAX_RECORDS_IN_RAM=100000 REFERENCE_SEQUENCE=/lus/grand/projects/TFXcan/imlab/data/hg_sequences/hg38/Homo_sapiens_assembly38.fasta    WARN_ON_MISSING_CONTIG=false LOG_FAILED_INTERVALS=true WRITE_ORIGINAL_POSITION=false WRITE_ORIGINAL_ALLELES=false LIFTOVER_MIN_MATCH=1.0 ALLOW_MISSING_FIELDS_IN_HEADER=false RECOVER_SWAPPED_REF_ALT=false TAGS_TO_REVERSE=[AF] TAGS_TO_DROP=[MAX_AF] DISABLE_SORT=false VERBOSITY=INFO QUIET=false VALIDATION_STRINGENCY=STRICT COMPRESSION_LEVEL=5 CREATE_INDEX=false CREATE_MD5_FILE=false USE_JDK_DEFLATER=false USE_JDK_INFLATER=false
[Fri May 19 15:20:56 UTC 2023] Executing as temi@x3006c0s19b0n0 on Linux 5.3.18-57-default amd64; OpenJDK 64-Bit Server VM 17.0.3-internal+0-adhoc..src; Deflater: Intel; Inflater: Intel; Provider GCS is not available; Picard version: 3.0.0-3-ge67fe94-SNAPSHOT
15:20:56.481 WARN  IntelInflater - Zero Bytes Written : 0
INFO	2023-05-19 15:20:56	LiftoverVcf	Loading up the target reference genome.
INFO	2023-05-19 15:21:10	LiftoverVcf	Lifting variants over and sorting (not yet writing the output file.)
15:21:10.247 WARN  IntelInflater - Zero Bytes Written : 0
INFO	2023-05-19 15:21:10	LiftoverVcf	Processed 0 variants.
INFO	2023-05-19 15:21:10	LiftoverVcf	0 variants failed to liftover.
INFO	2023-05-19 15:21:10	LiftoverVcf	0 variants lifted over but had mismatching reference alleles after lift over.
INFO	2023-05-19 15:21:10	LiftoverVcf	NaN of variants were not successfully lifted over and written to the output.
INFO	2023-05-19 15:21:10	LiftoverVcf	liftover success by source contig:
INFO	2023-05-19 15:21:10	LiftoverVcf	lifted variants by target contig:
INFO	2023-05-19 15:21:10	LiftoverVcf	no successfully lifted variants
WARNING	2023-05-19 15:21:10	LiftoverVcf	0 variants with a swapped REF/ALT were identified, but were not recovered.  See RECOVER_SWAPPED_REF_ALT and associated caveats.
INFO	2023-05-19 15:21:10	LiftoverVcf	Writing out sorted records to final VCF.
[Fri May 19 15:21:10 UTC 2023] picard.vcf.LiftoverVcf done. Elapsed time: 0.23 minutes.
Runtime.totalMemory()=5855248384
INFO	2023-05-19 15:20:56	LiftoverVcf	

********** NOTE: Picard's command line syntax is changing.
**********
********** For more information, please see:
********** 
https://github.com/broadinstitute/picard/wiki/Command-Line-Syntax-Transition-For-Users-(Pre-Transition)
**********
********** The command line looks like this in the new syntax:
**********
**********    LiftoverVcf -I /lus/grand/projects/TFXcan/imlab/data/baca_cwas/split_vcf/chr18_CWAS_SNPs_2023-05-15_phased.vcf.gz -O /lus/grand/projects/TFXcan/imlab/data/baca_cwas/split_hg38_vcf/chr18_CWAS_SNPs_2023-05-15_phased.vcf.gz -CHAIN /lus/grand/projects/TFXcan/imlab/data/liftover_files/hg19ToHg38.over.chain.gz -REJECT /lus/grand/projects/TFXcan/imlab/data/baca_cwas/rejected_liftover_records/chr18_CWAS_SNPs_2023-05-15_phased.vcf.gz -R /lus/grand/projects/TFXcan/imlab/data/hg_sequences/hg38/Homo_sapiens_assembly38.fasta -MAX_RECORDS_IN_RAM 100000
**********


15:20:56.326 INFO  NativeLibraryLoader - Loading libgkl_compression.so from jar:file:/lus/grand/projects/TFXcan/imlab/users/temi/software/picard/build/libs/picard.jar!/com/intel/gkl/native/libgkl_compression.so
[Fri May 19 15:20:56 UTC 2023] LiftoverVcf INPUT=/lus/grand/projects/TFXcan/imlab/data/baca_cwas/split_vcf/chr18_CWAS_SNPs_2023-05-15_phased.vcf.gz OUTPUT=/lus/grand/projects/TFXcan/imlab/data/baca_cwas/split_hg38_vcf/chr18_CWAS_SNPs_2023-05-15_phased.vcf.gz CHAIN=/lus/grand/projects/TFXcan/imlab/data/liftover_files/hg19ToHg38.over.chain.gz REJECT=/lus/grand/projects/TFXcan/imlab/data/baca_cwas/rejected_liftover_records/chr18_CWAS_SNPs_2023-05-15_phased.vcf.gz MAX_RECORDS_IN_RAM=100000 REFERENCE_SEQUENCE=/lus/grand/projects/TFXcan/imlab/data/hg_sequences/hg38/Homo_sapiens_assembly38.fasta    WARN_ON_MISSING_CONTIG=false LOG_FAILED_INTERVALS=true WRITE_ORIGINAL_POSITION=false WRITE_ORIGINAL_ALLELES=false LIFTOVER_MIN_MATCH=1.0 ALLOW_MISSING_FIELDS_IN_HEADER=false RECOVER_SWAPPED_REF_ALT=false TAGS_TO_REVERSE=[AF] TAGS_TO_DROP=[MAX_AF] DISABLE_SORT=false VERBOSITY=INFO QUIET=false VALIDATION_STRINGENCY=STRICT COMPRESSION_LEVEL=5 CREATE_INDEX=false CREATE_MD5_FILE=false USE_JDK_DEFLATER=false USE_JDK_INFLATER=false
[Fri May 19 15:20:56 UTC 2023] Executing as temi@x3006c0s19b0n0 on Linux 5.3.18-57-default amd64; OpenJDK 64-Bit Server VM 17.0.3-internal+0-adhoc..src; Deflater: Intel; Inflater: Intel; Provider GCS is not available; Picard version: 3.0.0-3-ge67fe94-SNAPSHOT
INFO	2023-05-19 15:20:56	LiftoverVcf	Loading up the target reference genome.
INFO	2023-05-19 15:21:10	LiftoverVcf	Lifting variants over and sorting (not yet writing the output file.)
15:21:14.503 WARN  IntelInflater - Zero Bytes Written : 0
INFO	2023-05-19 15:21:14	LiftoverVcf	Processed 158714 variants.
INFO	2023-05-19 15:21:14	LiftoverVcf	19 variants failed to liftover.
INFO	2023-05-19 15:21:14	LiftoverVcf	55 variants lifted over but had mismatching reference alleles after lift over.
INFO	2023-05-19 15:21:14	LiftoverVcf	0.0466% of variants were not successfully lifted over and written to the output.
INFO	2023-05-19 15:21:14	LiftoverVcf	liftover success by source contig:
INFO	2023-05-19 15:21:14	LiftoverVcf	chr18: 158640 / 158714 (99.9534%)
INFO	2023-05-19 15:21:14	LiftoverVcf	lifted variants by target contig:
INFO	2023-05-19 15:21:14	LiftoverVcf	chr18: 158640
WARNING	2023-05-19 15:21:14	LiftoverVcf	55 variants with a swapped REF/ALT were identified, but were not recovered.  See RECOVER_SWAPPED_REF_ALT and associated caveats.
INFO	2023-05-19 15:21:15	LiftoverVcf	Writing out sorted records to final VCF.
WARNING	2023-05-19 15:21:15	SortingCollection	There is not enough memory per file for buffering. Reading will be unbuffered.
[Fri May 19 15:21:17 UTC 2023] picard.vcf.LiftoverVcf done. Elapsed time: 0.35 minutes.
Runtime.totalMemory()=738197504
INFO	2023-05-19 15:21:10	LiftoverVcf	

********** NOTE: Picard's command line syntax is changing.
**********
********** For more information, please see:
********** 
https://github.com/broadinstitute/picard/wiki/Command-Line-Syntax-Transition-For-Users-(Pre-Transition)
**********
********** The command line looks like this in the new syntax:
**********
**********    LiftoverVcf -I /lus/grand/projects/TFXcan/imlab/data/baca_cwas/split_vcf/chr22_CWAS_SNPs_2023-05-15_phased.vcf.gz -O /lus/grand/projects/TFXcan/imlab/data/baca_cwas/split_hg38_vcf/chr22_CWAS_SNPs_2023-05-15_phased.vcf.gz -CHAIN /lus/grand/projects/TFXcan/imlab/data/liftover_files/hg19ToHg38.over.chain.gz -REJECT /lus/grand/projects/TFXcan/imlab/data/baca_cwas/rejected_liftover_records/chr22_CWAS_SNPs_2023-05-15_phased.vcf.gz -R /lus/grand/projects/TFXcan/imlab/data/hg_sequences/hg38/Homo_sapiens_assembly38.fasta -MAX_RECORDS_IN_RAM 100000
**********


15:21:10.763 INFO  NativeLibraryLoader - Loading libgkl_compression.so from jar:file:/lus/grand/projects/TFXcan/imlab/users/temi/software/picard/build/libs/picard.jar!/com/intel/gkl/native/libgkl_compression.so
[Fri May 19 15:21:10 UTC 2023] LiftoverVcf INPUT=/lus/grand/projects/TFXcan/imlab/data/baca_cwas/split_vcf/chr22_CWAS_SNPs_2023-05-15_phased.vcf.gz OUTPUT=/lus/grand/projects/TFXcan/imlab/data/baca_cwas/split_hg38_vcf/chr22_CWAS_SNPs_2023-05-15_phased.vcf.gz CHAIN=/lus/grand/projects/TFXcan/imlab/data/liftover_files/hg19ToHg38.over.chain.gz REJECT=/lus/grand/projects/TFXcan/imlab/data/baca_cwas/rejected_liftover_records/chr22_CWAS_SNPs_2023-05-15_phased.vcf.gz MAX_RECORDS_IN_RAM=100000 REFERENCE_SEQUENCE=/lus/grand/projects/TFXcan/imlab/data/hg_sequences/hg38/Homo_sapiens_assembly38.fasta    WARN_ON_MISSING_CONTIG=false LOG_FAILED_INTERVALS=true WRITE_ORIGINAL_POSITION=false WRITE_ORIGINAL_ALLELES=false LIFTOVER_MIN_MATCH=1.0 ALLOW_MISSING_FIELDS_IN_HEADER=false RECOVER_SWAPPED_REF_ALT=false TAGS_TO_REVERSE=[AF] TAGS_TO_DROP=[MAX_AF] DISABLE_SORT=false VERBOSITY=INFO QUIET=false VALIDATION_STRINGENCY=STRICT COMPRESSION_LEVEL=5 CREATE_INDEX=false CREATE_MD5_FILE=false USE_JDK_DEFLATER=false USE_JDK_INFLATER=false
[Fri May 19 15:21:10 UTC 2023] Executing as temi@x3006c0s19b0n0 on Linux 5.3.18-57-default amd64; OpenJDK 64-Bit Server VM 17.0.3-internal+0-adhoc..src; Deflater: Intel; Inflater: Intel; Provider GCS is not available; Picard version: 3.0.0-3-ge67fe94-SNAPSHOT
INFO	2023-05-19 15:21:10	LiftoverVcf	Loading up the target reference genome.
INFO	2023-05-19 15:21:15	LiftoverVcf	Lifting variants over and sorting (not yet writing the output file.)
15:21:17.663 WARN  IntelInflater - Zero Bytes Written : 0
INFO	2023-05-19 15:21:17	LiftoverVcf	Processed 75004 variants.
INFO	2023-05-19 15:21:17	LiftoverVcf	318 variants failed to liftover.
INFO	2023-05-19 15:21:17	LiftoverVcf	1109 variants lifted over but had mismatching reference alleles after lift over.
INFO	2023-05-19 15:21:17	LiftoverVcf	1.9026% of variants were not successfully lifted over and written to the output.
INFO	2023-05-19 15:21:17	LiftoverVcf	liftover success by source contig:
INFO	2023-05-19 15:21:17	LiftoverVcf	chr22: 73577 / 75004 (98.0974%)
INFO	2023-05-19 15:21:17	LiftoverVcf	lifted variants by target contig:
INFO	2023-05-19 15:21:17	LiftoverVcf	chr22: 73566
INFO	2023-05-19 15:21:17	LiftoverVcf	chr22_KI270879v1_alt: 10
INFO	2023-05-19 15:21:17	LiftoverVcf	chr22_KI270928v1_alt: 1
WARNING	2023-05-19 15:21:17	LiftoverVcf	1109 variants with a swapped REF/ALT were identified, but were not recovered.  See RECOVER_SWAPPED_REF_ALT and associated caveats.
INFO	2023-05-19 15:21:17	LiftoverVcf	Writing out sorted records to final VCF.
[Fri May 19 15:21:19 UTC 2023] picard.vcf.LiftoverVcf done. Elapsed time: 0.15 minutes.
Runtime.totalMemory()=2919235584
INFO	2023-05-19 15:20:56	LiftoverVcf	

********** NOTE: Picard's command line syntax is changing.
**********
********** For more information, please see:
********** 
https://github.com/broadinstitute/picard/wiki/Command-Line-Syntax-Transition-For-Users-(Pre-Transition)
**********
********** The command line looks like this in the new syntax:
**********
**********    LiftoverVcf -I /lus/grand/projects/TFXcan/imlab/data/baca_cwas/split_vcf/chr10_CWAS_SNPs_2023-05-15_phased.vcf.gz -O /lus/grand/projects/TFXcan/imlab/data/baca_cwas/split_hg38_vcf/chr10_CWAS_SNPs_2023-05-15_phased.vcf.gz -CHAIN /lus/grand/projects/TFXcan/imlab/data/liftover_files/hg19ToHg38.over.chain.gz -REJECT /lus/grand/projects/TFXcan/imlab/data/baca_cwas/rejected_liftover_records/chr10_CWAS_SNPs_2023-05-15_phased.vcf.gz -R /lus/grand/projects/TFXcan/imlab/data/hg_sequences/hg38/Homo_sapiens_assembly38.fasta -MAX_RECORDS_IN_RAM 100000
**********


15:20:56.326 INFO  NativeLibraryLoader - Loading libgkl_compression.so from jar:file:/lus/grand/projects/TFXcan/imlab/users/temi/software/picard/build/libs/picard.jar!/com/intel/gkl/native/libgkl_compression.so
[Fri May 19 15:20:56 UTC 2023] LiftoverVcf INPUT=/lus/grand/projects/TFXcan/imlab/data/baca_cwas/split_vcf/chr10_CWAS_SNPs_2023-05-15_phased.vcf.gz OUTPUT=/lus/grand/projects/TFXcan/imlab/data/baca_cwas/split_hg38_vcf/chr10_CWAS_SNPs_2023-05-15_phased.vcf.gz CHAIN=/lus/grand/projects/TFXcan/imlab/data/liftover_files/hg19ToHg38.over.chain.gz REJECT=/lus/grand/projects/TFXcan/imlab/data/baca_cwas/rejected_liftover_records/chr10_CWAS_SNPs_2023-05-15_phased.vcf.gz MAX_RECORDS_IN_RAM=100000 REFERENCE_SEQUENCE=/lus/grand/projects/TFXcan/imlab/data/hg_sequences/hg38/Homo_sapiens_assembly38.fasta    WARN_ON_MISSING_CONTIG=false LOG_FAILED_INTERVALS=true WRITE_ORIGINAL_POSITION=false WRITE_ORIGINAL_ALLELES=false LIFTOVER_MIN_MATCH=1.0 ALLOW_MISSING_FIELDS_IN_HEADER=false RECOVER_SWAPPED_REF_ALT=false TAGS_TO_REVERSE=[AF] TAGS_TO_DROP=[MAX_AF] DISABLE_SORT=false VERBOSITY=INFO QUIET=false VALIDATION_STRINGENCY=STRICT COMPRESSION_LEVEL=5 CREATE_INDEX=false CREATE_MD5_FILE=false USE_JDK_DEFLATER=false USE_JDK_INFLATER=false
[Fri May 19 15:20:56 UTC 2023] Executing as temi@x3006c0s19b0n0 on Linux 5.3.18-57-default amd64; OpenJDK 64-Bit Server VM 17.0.3-internal+0-adhoc..src; Deflater: Intel; Inflater: Intel; Provider GCS is not available; Picard version: 3.0.0-3-ge67fe94-SNAPSHOT
INFO	2023-05-19 15:20:56	LiftoverVcf	Loading up the target reference genome.
INFO	2023-05-19 15:21:10	LiftoverVcf	Lifting variants over and sorting (not yet writing the output file.)
15:21:18.988 WARN  IntelInflater - Zero Bytes Written : 0
INFO	2023-05-19 15:21:18	LiftoverVcf	Processed 283295 variants.
INFO	2023-05-19 15:21:18	LiftoverVcf	35 variants failed to liftover.
INFO	2023-05-19 15:21:18	LiftoverVcf	114 variants lifted over but had mismatching reference alleles after lift over.
INFO	2023-05-19 15:21:18	LiftoverVcf	0.0526% of variants were not successfully lifted over and written to the output.
INFO	2023-05-19 15:21:18	LiftoverVcf	liftover success by source contig:
INFO	2023-05-19 15:21:18	LiftoverVcf	chr10: 283146 / 283295 (99.9474%)
INFO	2023-05-19 15:21:18	LiftoverVcf	lifted variants by target contig:
INFO	2023-05-19 15:21:18	LiftoverVcf	chr10: 283146
WARNING	2023-05-19 15:21:18	LiftoverVcf	114 variants with a swapped REF/ALT were identified, but were not recovered.  See RECOVER_SWAPPED_REF_ALT and associated caveats.
INFO	2023-05-19 15:21:20	LiftoverVcf	Writing out sorted records to final VCF.
[Fri May 19 15:21:23 UTC 2023] picard.vcf.LiftoverVcf done. Elapsed time: 0.45 minutes.
Runtime.totalMemory()=1258291200
INFO	2023-05-19 15:20:56	LiftoverVcf	

********** NOTE: Picard's command line syntax is changing.
**********
********** For more information, please see:
********** 
https://github.com/broadinstitute/picard/wiki/Command-Line-Syntax-Transition-For-Users-(Pre-Transition)
**********
********** The command line looks like this in the new syntax:
**********
**********    LiftoverVcf -I /lus/grand/projects/TFXcan/imlab/data/baca_cwas/split_vcf/chr3_CWAS_SNPs_2023-05-15_phased.vcf.gz -O /lus/grand/projects/TFXcan/imlab/data/baca_cwas/split_hg38_vcf/chr3_CWAS_SNPs_2023-05-15_phased.vcf.gz -CHAIN /lus/grand/projects/TFXcan/imlab/data/liftover_files/hg19ToHg38.over.chain.gz -REJECT /lus/grand/projects/TFXcan/imlab/data/baca_cwas/rejected_liftover_records/chr3_CWAS_SNPs_2023-05-15_phased.vcf.gz -R /lus/grand/projects/TFXcan/imlab/data/hg_sequences/hg38/Homo_sapiens_assembly38.fasta -MAX_RECORDS_IN_RAM 100000
**********


15:20:56.326 INFO  NativeLibraryLoader - Loading libgkl_compression.so from jar:file:/lus/grand/projects/TFXcan/imlab/users/temi/software/picard/build/libs/picard.jar!/com/intel/gkl/native/libgkl_compression.so
[Fri May 19 15:20:56 UTC 2023] LiftoverVcf INPUT=/lus/grand/projects/TFXcan/imlab/data/baca_cwas/split_vcf/chr3_CWAS_SNPs_2023-05-15_phased.vcf.gz OUTPUT=/lus/grand/projects/TFXcan/imlab/data/baca_cwas/split_hg38_vcf/chr3_CWAS_SNPs_2023-05-15_phased.vcf.gz CHAIN=/lus/grand/projects/TFXcan/imlab/data/liftover_files/hg19ToHg38.over.chain.gz REJECT=/lus/grand/projects/TFXcan/imlab/data/baca_cwas/rejected_liftover_records/chr3_CWAS_SNPs_2023-05-15_phased.vcf.gz MAX_RECORDS_IN_RAM=100000 REFERENCE_SEQUENCE=/lus/grand/projects/TFXcan/imlab/data/hg_sequences/hg38/Homo_sapiens_assembly38.fasta    WARN_ON_MISSING_CONTIG=false LOG_FAILED_INTERVALS=true WRITE_ORIGINAL_POSITION=false WRITE_ORIGINAL_ALLELES=false LIFTOVER_MIN_MATCH=1.0 ALLOW_MISSING_FIELDS_IN_HEADER=false RECOVER_SWAPPED_REF_ALT=false TAGS_TO_REVERSE=[AF] TAGS_TO_DROP=[MAX_AF] DISABLE_SORT=false VERBOSITY=INFO QUIET=false VALIDATION_STRINGENCY=STRICT COMPRESSION_LEVEL=5 CREATE_INDEX=false CREATE_MD5_FILE=false USE_JDK_DEFLATER=false USE_JDK_INFLATER=false
[Fri May 19 15:20:56 UTC 2023] Executing as temi@x3006c0s19b0n0 on Linux 5.3.18-57-default amd64; OpenJDK 64-Bit Server VM 17.0.3-internal+0-adhoc..src; Deflater: Intel; Inflater: Intel; Provider GCS is not available; Picard version: 3.0.0-3-ge67fe94-SNAPSHOT
INFO	2023-05-19 15:20:56	LiftoverVcf	Loading up the target reference genome.
INFO	2023-05-19 15:21:10	LiftoverVcf	Lifting variants over and sorting (not yet writing the output file.)
15:21:20.406 WARN  IntelInflater - Zero Bytes Written : 0
INFO	2023-05-19 15:21:20	LiftoverVcf	Processed 391895 variants.
INFO	2023-05-19 15:21:20	LiftoverVcf	113 variants failed to liftover.
INFO	2023-05-19 15:21:20	LiftoverVcf	507 variants lifted over but had mismatching reference alleles after lift over.
INFO	2023-05-19 15:21:20	LiftoverVcf	0.1582% of variants were not successfully lifted over and written to the output.
INFO	2023-05-19 15:21:20	LiftoverVcf	liftover success by source contig:
INFO	2023-05-19 15:21:20	LiftoverVcf	chr3: 391275 / 391895 (99.8418%)
INFO	2023-05-19 15:21:20	LiftoverVcf	lifted variants by target contig:
INFO	2023-05-19 15:21:20	LiftoverVcf	chr3: 391275
WARNING	2023-05-19 15:21:20	LiftoverVcf	506 variants with a swapped REF/ALT were identified, but were not recovered.  See RECOVER_SWAPPED_REF_ALT and associated caveats.
INFO	2023-05-19 15:21:21	LiftoverVcf	Writing out sorted records to final VCF.
WARNING	2023-05-19 15:21:21	SortingCollection	There is not enough memory per file for buffering. Reading will be unbuffered.
[Fri May 19 15:21:25 UTC 2023] picard.vcf.LiftoverVcf done. Elapsed time: 0.49 minutes.
Runtime.totalMemory()=11911823360
INFO	2023-05-19 15:21:17	LiftoverVcf	

********** NOTE: Picard's command line syntax is changing.
**********
********** For more information, please see:
********** 
https://github.com/broadinstitute/picard/wiki/Command-Line-Syntax-Transition-For-Users-(Pre-Transition)
**********
********** The command line looks like this in the new syntax:
**********
**********    LiftoverVcf -I /lus/grand/projects/TFXcan/imlab/data/baca_cwas/split_vcf/chr9_CWAS_SNPs_2023-05-15_phased.vcf.gz -O /lus/grand/projects/TFXcan/imlab/data/baca_cwas/split_hg38_vcf/chr9_CWAS_SNPs_2023-05-15_phased.vcf.gz -CHAIN /lus/grand/projects/TFXcan/imlab/data/liftover_files/hg19ToHg38.over.chain.gz -REJECT /lus/grand/projects/TFXcan/imlab/data/baca_cwas/rejected_liftover_records/chr9_CWAS_SNPs_2023-05-15_phased.vcf.gz -R /lus/grand/projects/TFXcan/imlab/data/hg_sequences/hg38/Homo_sapiens_assembly38.fasta -MAX_RECORDS_IN_RAM 100000
**********


15:21:17.758 INFO  NativeLibraryLoader - Loading libgkl_compression.so from jar:file:/lus/grand/projects/TFXcan/imlab/users/temi/software/picard/build/libs/picard.jar!/com/intel/gkl/native/libgkl_compression.so
[Fri May 19 15:21:17 UTC 2023] LiftoverVcf INPUT=/lus/grand/projects/TFXcan/imlab/data/baca_cwas/split_vcf/chr9_CWAS_SNPs_2023-05-15_phased.vcf.gz OUTPUT=/lus/grand/projects/TFXcan/imlab/data/baca_cwas/split_hg38_vcf/chr9_CWAS_SNPs_2023-05-15_phased.vcf.gz CHAIN=/lus/grand/projects/TFXcan/imlab/data/liftover_files/hg19ToHg38.over.chain.gz REJECT=/lus/grand/projects/TFXcan/imlab/data/baca_cwas/rejected_liftover_records/chr9_CWAS_SNPs_2023-05-15_phased.vcf.gz MAX_RECORDS_IN_RAM=100000 REFERENCE_SEQUENCE=/lus/grand/projects/TFXcan/imlab/data/hg_sequences/hg38/Homo_sapiens_assembly38.fasta    WARN_ON_MISSING_CONTIG=false LOG_FAILED_INTERVALS=true WRITE_ORIGINAL_POSITION=false WRITE_ORIGINAL_ALLELES=false LIFTOVER_MIN_MATCH=1.0 ALLOW_MISSING_FIELDS_IN_HEADER=false RECOVER_SWAPPED_REF_ALT=false TAGS_TO_REVERSE=[AF] TAGS_TO_DROP=[MAX_AF] DISABLE_SORT=false VERBOSITY=INFO QUIET=false VALIDATION_STRINGENCY=STRICT COMPRESSION_LEVEL=5 CREATE_INDEX=false CREATE_MD5_FILE=false USE_JDK_DEFLATER=false USE_JDK_INFLATER=false
[Fri May 19 15:21:17 UTC 2023] Executing as temi@x3006c0s19b0n0 on Linux 5.3.18-57-default amd64; OpenJDK 64-Bit Server VM 17.0.3-internal+0-adhoc..src; Deflater: Intel; Inflater: Intel; Provider GCS is not available; Picard version: 3.0.0-3-ge67fe94-SNAPSHOT
INFO	2023-05-19 15:21:17	LiftoverVcf	Loading up the target reference genome.
INFO	2023-05-19 15:21:22	LiftoverVcf	Lifting variants over and sorting (not yet writing the output file.)
15:21:30.058 WARN  IntelInflater - Zero Bytes Written : 0
INFO	2023-05-19 15:21:30	LiftoverVcf	Processed 236755 variants.
INFO	2023-05-19 15:21:30	LiftoverVcf	80 variants failed to liftover.
INFO	2023-05-19 15:21:30	LiftoverVcf	174 variants lifted over but had mismatching reference alleles after lift over.
INFO	2023-05-19 15:21:30	LiftoverVcf	0.1073% of variants were not successfully lifted over and written to the output.
INFO	2023-05-19 15:21:30	LiftoverVcf	liftover success by source contig:
INFO	2023-05-19 15:21:30	LiftoverVcf	chr9: 236501 / 236755 (99.8927%)
INFO	2023-05-19 15:21:30	LiftoverVcf	lifted variants by target contig:
INFO	2023-05-19 15:21:30	LiftoverVcf	chr9: 236501
WARNING	2023-05-19 15:21:30	LiftoverVcf	174 variants with a swapped REF/ALT were identified, but were not recovered.  See RECOVER_SWAPPED_REF_ALT and associated caveats.
INFO	2023-05-19 15:21:30	LiftoverVcf	Writing out sorted records to final VCF.
[Fri May 19 15:21:33 UTC 2023] picard.vcf.LiftoverVcf done. Elapsed time: 0.26 minutes.
Runtime.totalMemory()=12146704384
INFO	2023-05-19 15:21:23	LiftoverVcf	

********** NOTE: Picard's command line syntax is changing.
**********
********** For more information, please see:
********** 
https://github.com/broadinstitute/picard/wiki/Command-Line-Syntax-Transition-For-Users-(Pre-Transition)
**********
********** The command line looks like this in the new syntax:
**********
**********    LiftoverVcf -I /lus/grand/projects/TFXcan/imlab/data/baca_cwas/split_vcf/chr19_CWAS_SNPs_2023-05-15_phased.vcf.gz -O /lus/grand/projects/TFXcan/imlab/data/baca_cwas/split_hg38_vcf/chr19_CWAS_SNPs_2023-05-15_phased.vcf.gz -CHAIN /lus/grand/projects/TFXcan/imlab/data/liftover_files/hg19ToHg38.over.chain.gz -REJECT /lus/grand/projects/TFXcan/imlab/data/baca_cwas/rejected_liftover_records/chr19_CWAS_SNPs_2023-05-15_phased.vcf.gz -R /lus/grand/projects/TFXcan/imlab/data/hg_sequences/hg38/Homo_sapiens_assembly38.fasta -MAX_RECORDS_IN_RAM 100000
**********


15:21:23.662 INFO  NativeLibraryLoader - Loading libgkl_compression.so from jar:file:/lus/grand/projects/TFXcan/imlab/users/temi/software/picard/build/libs/picard.jar!/com/intel/gkl/native/libgkl_compression.so
[Fri May 19 15:21:23 UTC 2023] LiftoverVcf INPUT=/lus/grand/projects/TFXcan/imlab/data/baca_cwas/split_vcf/chr19_CWAS_SNPs_2023-05-15_phased.vcf.gz OUTPUT=/lus/grand/projects/TFXcan/imlab/data/baca_cwas/split_hg38_vcf/chr19_CWAS_SNPs_2023-05-15_phased.vcf.gz CHAIN=/lus/grand/projects/TFXcan/imlab/data/liftover_files/hg19ToHg38.over.chain.gz REJECT=/lus/grand/projects/TFXcan/imlab/data/baca_cwas/rejected_liftover_records/chr19_CWAS_SNPs_2023-05-15_phased.vcf.gz MAX_RECORDS_IN_RAM=100000 REFERENCE_SEQUENCE=/lus/grand/projects/TFXcan/imlab/data/hg_sequences/hg38/Homo_sapiens_assembly38.fasta    WARN_ON_MISSING_CONTIG=false LOG_FAILED_INTERVALS=true WRITE_ORIGINAL_POSITION=false WRITE_ORIGINAL_ALLELES=false LIFTOVER_MIN_MATCH=1.0 ALLOW_MISSING_FIELDS_IN_HEADER=false RECOVER_SWAPPED_REF_ALT=false TAGS_TO_REVERSE=[AF] TAGS_TO_DROP=[MAX_AF] DISABLE_SORT=false VERBOSITY=INFO QUIET=false VALIDATION_STRINGENCY=STRICT COMPRESSION_LEVEL=5 CREATE_INDEX=false CREATE_MD5_FILE=false USE_JDK_DEFLATER=false USE_JDK_INFLATER=false
[Fri May 19 15:21:23 UTC 2023] Executing as temi@x3006c0s19b0n0 on Linux 5.3.18-57-default amd64; OpenJDK 64-Bit Server VM 17.0.3-internal+0-adhoc..src; Deflater: Intel; Inflater: Intel; Provider GCS is not available; Picard version: 3.0.0-3-ge67fe94-SNAPSHOT
INFO	2023-05-19 15:21:23	LiftoverVcf	Loading up the target reference genome.
INFO	2023-05-19 15:21:29	LiftoverVcf	Lifting variants over and sorting (not yet writing the output file.)
15:21:33.525 WARN  IntelInflater - Zero Bytes Written : 0
INFO	2023-05-19 15:21:33	LiftoverVcf	Processed 123775 variants.
INFO	2023-05-19 15:21:33	LiftoverVcf	383 variants failed to liftover.
INFO	2023-05-19 15:21:33	LiftoverVcf	1348 variants lifted over but had mismatching reference alleles after lift over.
INFO	2023-05-19 15:21:33	LiftoverVcf	1.3985% of variants were not successfully lifted over and written to the output.
INFO	2023-05-19 15:21:33	LiftoverVcf	liftover success by source contig:
INFO	2023-05-19 15:21:33	LiftoverVcf	chr19: 122044 / 123775 (98.6015%)
INFO	2023-05-19 15:21:33	LiftoverVcf	lifted variants by target contig:
INFO	2023-05-19 15:21:33	LiftoverVcf	chr19: 122020
INFO	2023-05-19 15:21:33	LiftoverVcf	chr19_KI270938v1_alt: 20
INFO	2023-05-19 15:21:33	LiftoverVcf	chr7: 4
WARNING	2023-05-19 15:21:33	LiftoverVcf	1347 variants with a swapped REF/ALT were identified, but were not recovered.  See RECOVER_SWAPPED_REF_ALT and associated caveats.
INFO	2023-05-19 15:21:33	LiftoverVcf	Writing out sorted records to final VCF.
[Fri May 19 15:21:35 UTC 2023] picard.vcf.LiftoverVcf done. Elapsed time: 0.19 minutes.
Runtime.totalMemory()=12146704384
INFO	2023-05-19 15:21:20	LiftoverVcf	

********** NOTE: Picard's command line syntax is changing.
**********
********** For more information, please see:
********** 
https://github.com/broadinstitute/picard/wiki/Command-Line-Syntax-Transition-For-Users-(Pre-Transition)
**********
********** The command line looks like this in the new syntax:
**********
**********    LiftoverVcf -I /lus/grand/projects/TFXcan/imlab/data/baca_cwas/split_vcf/chr6_CWAS_SNPs_2023-05-15_phased.vcf.gz -O /lus/grand/projects/TFXcan/imlab/data/baca_cwas/split_hg38_vcf/chr6_CWAS_SNPs_2023-05-15_phased.vcf.gz -CHAIN /lus/grand/projects/TFXcan/imlab/data/liftover_files/hg19ToHg38.over.chain.gz -REJECT /lus/grand/projects/TFXcan/imlab/data/baca_cwas/rejected_liftover_records/chr6_CWAS_SNPs_2023-05-15_phased.vcf.gz -R /lus/grand/projects/TFXcan/imlab/data/hg_sequences/hg38/Homo_sapiens_assembly38.fasta -MAX_RECORDS_IN_RAM 100000
**********


15:21:20.062 INFO  NativeLibraryLoader - Loading libgkl_compression.so from jar:file:/lus/grand/projects/TFXcan/imlab/users/temi/software/picard/build/libs/picard.jar!/com/intel/gkl/native/libgkl_compression.so
[Fri May 19 15:21:20 UTC 2023] LiftoverVcf INPUT=/lus/grand/projects/TFXcan/imlab/data/baca_cwas/split_vcf/chr6_CWAS_SNPs_2023-05-15_phased.vcf.gz OUTPUT=/lus/grand/projects/TFXcan/imlab/data/baca_cwas/split_hg38_vcf/chr6_CWAS_SNPs_2023-05-15_phased.vcf.gz CHAIN=/lus/grand/projects/TFXcan/imlab/data/liftover_files/hg19ToHg38.over.chain.gz REJECT=/lus/grand/projects/TFXcan/imlab/data/baca_cwas/rejected_liftover_records/chr6_CWAS_SNPs_2023-05-15_phased.vcf.gz MAX_RECORDS_IN_RAM=100000 REFERENCE_SEQUENCE=/lus/grand/projects/TFXcan/imlab/data/hg_sequences/hg38/Homo_sapiens_assembly38.fasta    WARN_ON_MISSING_CONTIG=false LOG_FAILED_INTERVALS=true WRITE_ORIGINAL_POSITION=false WRITE_ORIGINAL_ALLELES=false LIFTOVER_MIN_MATCH=1.0 ALLOW_MISSING_FIELDS_IN_HEADER=false RECOVER_SWAPPED_REF_ALT=false TAGS_TO_REVERSE=[AF] TAGS_TO_DROP=[MAX_AF] DISABLE_SORT=false VERBOSITY=INFO QUIET=false VALIDATION_STRINGENCY=STRICT COMPRESSION_LEVEL=5 CREATE_INDEX=false CREATE_MD5_FILE=false USE_JDK_DEFLATER=false USE_JDK_INFLATER=false
[Fri May 19 15:21:20 UTC 2023] Executing as temi@x3006c0s19b0n0 on Linux 5.3.18-57-default amd64; OpenJDK 64-Bit Server VM 17.0.3-internal+0-adhoc..src; Deflater: Intel; Inflater: Intel; Provider GCS is not available; Picard version: 3.0.0-3-ge67fe94-SNAPSHOT
INFO	2023-05-19 15:21:20	LiftoverVcf	Loading up the target reference genome.
INFO	2023-05-19 15:21:25	LiftoverVcf	Lifting variants over and sorting (not yet writing the output file.)
15:21:36.362 WARN  IntelInflater - Zero Bytes Written : 0
INFO	2023-05-19 15:21:36	LiftoverVcf	Processed 365744 variants.
INFO	2023-05-19 15:21:36	LiftoverVcf	223 variants failed to liftover.
INFO	2023-05-19 15:21:36	LiftoverVcf	756 variants lifted over but had mismatching reference alleles after lift over.
INFO	2023-05-19 15:21:36	LiftoverVcf	0.2677% of variants were not successfully lifted over and written to the output.
INFO	2023-05-19 15:21:36	LiftoverVcf	liftover success by source contig:
INFO	2023-05-19 15:21:36	LiftoverVcf	chr6: 364765 / 365744 (99.7323%)
INFO	2023-05-19 15:21:36	LiftoverVcf	lifted variants by target contig:
INFO	2023-05-19 15:21:36	LiftoverVcf	chr6: 364760
INFO	2023-05-19 15:21:36	LiftoverVcf	chr9: 5
WARNING	2023-05-19 15:21:36	LiftoverVcf	756 variants with a swapped REF/ALT were identified, but were not recovered.  See RECOVER_SWAPPED_REF_ALT and associated caveats.
INFO	2023-05-19 15:21:37	LiftoverVcf	Writing out sorted records to final VCF.
WARNING	2023-05-19 15:21:37	SortingCollection	There is not enough memory per file for buffering. Reading will be unbuffered.
[Fri May 19 15:21:41 UTC 2023] picard.vcf.LiftoverVcf done. Elapsed time: 0.35 minutes.
Runtime.totalMemory()=12146704384
INFO	2023-05-19 15:21:26	LiftoverVcf	

********** NOTE: Picard's command line syntax is changing.
**********
********** For more information, please see:
********** 
https://github.com/broadinstitute/picard/wiki/Command-Line-Syntax-Transition-For-Users-(Pre-Transition)
**********
********** The command line looks like this in the new syntax:
**********
**********    LiftoverVcf -I /lus/grand/projects/TFXcan/imlab/data/baca_cwas/split_vcf/chr5_CWAS_SNPs_2023-05-15_phased.vcf.gz -O /lus/grand/projects/TFXcan/imlab/data/baca_cwas/split_hg38_vcf/chr5_CWAS_SNPs_2023-05-15_phased.vcf.gz -CHAIN /lus/grand/projects/TFXcan/imlab/data/liftover_files/hg19ToHg38.over.chain.gz -REJECT /lus/grand/projects/TFXcan/imlab/data/baca_cwas/rejected_liftover_records/chr5_CWAS_SNPs_2023-05-15_phased.vcf.gz -R /lus/grand/projects/TFXcan/imlab/data/hg_sequences/hg38/Homo_sapiens_assembly38.fasta -MAX_RECORDS_IN_RAM 100000
**********


15:21:26.495 INFO  NativeLibraryLoader - Loading libgkl_compression.so from jar:file:/lus/grand/projects/TFXcan/imlab/users/temi/software/picard/build/libs/picard.jar!/com/intel/gkl/native/libgkl_compression.so
[Fri May 19 15:21:26 UTC 2023] LiftoverVcf INPUT=/lus/grand/projects/TFXcan/imlab/data/baca_cwas/split_vcf/chr5_CWAS_SNPs_2023-05-15_phased.vcf.gz OUTPUT=/lus/grand/projects/TFXcan/imlab/data/baca_cwas/split_hg38_vcf/chr5_CWAS_SNPs_2023-05-15_phased.vcf.gz CHAIN=/lus/grand/projects/TFXcan/imlab/data/liftover_files/hg19ToHg38.over.chain.gz REJECT=/lus/grand/projects/TFXcan/imlab/data/baca_cwas/rejected_liftover_records/chr5_CWAS_SNPs_2023-05-15_phased.vcf.gz MAX_RECORDS_IN_RAM=100000 REFERENCE_SEQUENCE=/lus/grand/projects/TFXcan/imlab/data/hg_sequences/hg38/Homo_sapiens_assembly38.fasta    WARN_ON_MISSING_CONTIG=false LOG_FAILED_INTERVALS=true WRITE_ORIGINAL_POSITION=false WRITE_ORIGINAL_ALLELES=false LIFTOVER_MIN_MATCH=1.0 ALLOW_MISSING_FIELDS_IN_HEADER=false RECOVER_SWAPPED_REF_ALT=false TAGS_TO_REVERSE=[AF] TAGS_TO_DROP=[MAX_AF] DISABLE_SORT=false VERBOSITY=INFO QUIET=false VALIDATION_STRINGENCY=STRICT COMPRESSION_LEVEL=5 CREATE_INDEX=false CREATE_MD5_FILE=false USE_JDK_DEFLATER=false USE_JDK_INFLATER=false
[Fri May 19 15:21:26 UTC 2023] Executing as temi@x3006c0s19b0n0 on Linux 5.3.18-57-default amd64; OpenJDK 64-Bit Server VM 17.0.3-internal+0-adhoc..src; Deflater: Intel; Inflater: Intel; Provider GCS is not available; Picard version: 3.0.0-3-ge67fe94-SNAPSHOT
INFO	2023-05-19 15:21:26	LiftoverVcf	Loading up the target reference genome.
INFO	2023-05-19 15:21:31	LiftoverVcf	Lifting variants over and sorting (not yet writing the output file.)
15:21:41.202 WARN  IntelInflater - Zero Bytes Written : 0
INFO	2023-05-19 15:21:41	LiftoverVcf	Processed 345523 variants.
INFO	2023-05-19 15:21:41	LiftoverVcf	14 variants failed to liftover.
INFO	2023-05-19 15:21:41	LiftoverVcf	64 variants lifted over but had mismatching reference alleles after lift over.
INFO	2023-05-19 15:21:41	LiftoverVcf	0.0226% of variants were not successfully lifted over and written to the output.
INFO	2023-05-19 15:21:41	LiftoverVcf	liftover success by source contig:
INFO	2023-05-19 15:21:41	LiftoverVcf	chr5: 345445 / 345523 (99.9774%)
INFO	2023-05-19 15:21:41	LiftoverVcf	lifted variants by target contig:
INFO	2023-05-19 15:21:41	LiftoverVcf	chr5: 345445
WARNING	2023-05-19 15:21:41	LiftoverVcf	64 variants with a swapped REF/ALT were identified, but were not recovered.  See RECOVER_SWAPPED_REF_ALT and associated caveats.
INFO	2023-05-19 15:21:42	LiftoverVcf	Writing out sorted records to final VCF.
WARNING	2023-05-19 15:21:42	SortingCollection	There is not enough memory per file for buffering. Reading will be unbuffered.
[Fri May 19 15:21:45 UTC 2023] picard.vcf.LiftoverVcf done. Elapsed time: 0.32 minutes.
Runtime.totalMemory()=12146704384
INFO	2023-05-19 15:21:33	LiftoverVcf	

********** NOTE: Picard's command line syntax is changing.
**********
********** For more information, please see:
********** 
https://github.com/broadinstitute/picard/wiki/Command-Line-Syntax-Transition-For-Users-(Pre-Transition)
**********
********** The command line looks like this in the new syntax:
**********
**********    LiftoverVcf -I /lus/grand/projects/TFXcan/imlab/data/baca_cwas/split_vcf/chr17_CWAS_SNPs_2023-05-15_phased.vcf.gz -O /lus/grand/projects/TFXcan/imlab/data/baca_cwas/split_hg38_vcf/chr17_CWAS_SNPs_2023-05-15_phased.vcf.gz -CHAIN /lus/grand/projects/TFXcan/imlab/data/liftover_files/hg19ToHg38.over.chain.gz -REJECT /lus/grand/projects/TFXcan/imlab/data/baca_cwas/rejected_liftover_records/chr17_CWAS_SNPs_2023-05-15_phased.vcf.gz -R /lus/grand/projects/TFXcan/imlab/data/hg_sequences/hg38/Homo_sapiens_assembly38.fasta -MAX_RECORDS_IN_RAM 100000
**********


15:21:33.832 INFO  NativeLibraryLoader - Loading libgkl_compression.so from jar:file:/lus/grand/projects/TFXcan/imlab/users/temi/software/picard/build/libs/picard.jar!/com/intel/gkl/native/libgkl_compression.so
[Fri May 19 15:21:33 UTC 2023] LiftoverVcf INPUT=/lus/grand/projects/TFXcan/imlab/data/baca_cwas/split_vcf/chr17_CWAS_SNPs_2023-05-15_phased.vcf.gz OUTPUT=/lus/grand/projects/TFXcan/imlab/data/baca_cwas/split_hg38_vcf/chr17_CWAS_SNPs_2023-05-15_phased.vcf.gz CHAIN=/lus/grand/projects/TFXcan/imlab/data/liftover_files/hg19ToHg38.over.chain.gz REJECT=/lus/grand/projects/TFXcan/imlab/data/baca_cwas/rejected_liftover_records/chr17_CWAS_SNPs_2023-05-15_phased.vcf.gz MAX_RECORDS_IN_RAM=100000 REFERENCE_SEQUENCE=/lus/grand/projects/TFXcan/imlab/data/hg_sequences/hg38/Homo_sapiens_assembly38.fasta    WARN_ON_MISSING_CONTIG=false LOG_FAILED_INTERVALS=true WRITE_ORIGINAL_POSITION=false WRITE_ORIGINAL_ALLELES=false LIFTOVER_MIN_MATCH=1.0 ALLOW_MISSING_FIELDS_IN_HEADER=false RECOVER_SWAPPED_REF_ALT=false TAGS_TO_REVERSE=[AF] TAGS_TO_DROP=[MAX_AF] DISABLE_SORT=false VERBOSITY=INFO QUIET=false VALIDATION_STRINGENCY=STRICT COMPRESSION_LEVEL=5 CREATE_INDEX=false CREATE_MD5_FILE=false USE_JDK_DEFLATER=false USE_JDK_INFLATER=false
[Fri May 19 15:21:33 UTC 2023] Executing as temi@x3006c0s19b0n0 on Linux 5.3.18-57-default amd64; OpenJDK 64-Bit Server VM 17.0.3-internal+0-adhoc..src; Deflater: Intel; Inflater: Intel; Provider GCS is not available; Picard version: 3.0.0-3-ge67fe94-SNAPSHOT
INFO	2023-05-19 15:21:33	LiftoverVcf	Loading up the target reference genome.
INFO	2023-05-19 15:21:38	LiftoverVcf	Lifting variants over and sorting (not yet writing the output file.)
15:21:43.897 WARN  IntelInflater - Zero Bytes Written : 0
INFO	2023-05-19 15:21:43	LiftoverVcf	Processed 145457 variants.
INFO	2023-05-19 15:21:43	LiftoverVcf	322 variants failed to liftover.
INFO	2023-05-19 15:21:43	LiftoverVcf	1407 variants lifted over but had mismatching reference alleles after lift over.
INFO	2023-05-19 15:21:43	LiftoverVcf	1.1887% of variants were not successfully lifted over and written to the output.
INFO	2023-05-19 15:21:43	LiftoverVcf	liftover success by source contig:
INFO	2023-05-19 15:21:43	LiftoverVcf	chr17: 143728 / 145457 (98.8113%)
INFO	2023-05-19 15:21:43	LiftoverVcf	lifted variants by target contig:
INFO	2023-05-19 15:21:43	LiftoverVcf	chr17: 143724
INFO	2023-05-19 15:21:43	LiftoverVcf	chr17_KI270857v1_alt: 4
WARNING	2023-05-19 15:21:43	LiftoverVcf	1394 variants with a swapped REF/ALT were identified, but were not recovered.  See RECOVER_SWAPPED_REF_ALT and associated caveats.
INFO	2023-05-19 15:21:44	LiftoverVcf	Writing out sorted records to final VCF.
[Fri May 19 15:21:46 UTC 2023] picard.vcf.LiftoverVcf done. Elapsed time: 0.20 minutes.
Runtime.totalMemory()=11291066368
INFO	2023-05-19 15:21:35	LiftoverVcf	

********** NOTE: Picard's command line syntax is changing.
**********
********** For more information, please see:
********** 
https://github.com/broadinstitute/picard/wiki/Command-Line-Syntax-Transition-For-Users-(Pre-Transition)
**********
********** The command line looks like this in the new syntax:
**********
**********    LiftoverVcf -I /lus/grand/projects/TFXcan/imlab/data/baca_cwas/split_vcf/chr8_CWAS_SNPs_2023-05-15_phased.vcf.gz -O /lus/grand/projects/TFXcan/imlab/data/baca_cwas/split_hg38_vcf/chr8_CWAS_SNPs_2023-05-15_phased.vcf.gz -CHAIN /lus/grand/projects/TFXcan/imlab/data/liftover_files/hg19ToHg38.over.chain.gz -REJECT /lus/grand/projects/TFXcan/imlab/data/baca_cwas/rejected_liftover_records/chr8_CWAS_SNPs_2023-05-15_phased.vcf.gz -R /lus/grand/projects/TFXcan/imlab/data/hg_sequences/hg38/Homo_sapiens_assembly38.fasta -MAX_RECORDS_IN_RAM 100000
**********


15:21:35.689 INFO  NativeLibraryLoader - Loading libgkl_compression.so from jar:file:/lus/grand/projects/TFXcan/imlab/users/temi/software/picard/build/libs/picard.jar!/com/intel/gkl/native/libgkl_compression.so
[Fri May 19 15:21:35 UTC 2023] LiftoverVcf INPUT=/lus/grand/projects/TFXcan/imlab/data/baca_cwas/split_vcf/chr8_CWAS_SNPs_2023-05-15_phased.vcf.gz OUTPUT=/lus/grand/projects/TFXcan/imlab/data/baca_cwas/split_hg38_vcf/chr8_CWAS_SNPs_2023-05-15_phased.vcf.gz CHAIN=/lus/grand/projects/TFXcan/imlab/data/liftover_files/hg19ToHg38.over.chain.gz REJECT=/lus/grand/projects/TFXcan/imlab/data/baca_cwas/rejected_liftover_records/chr8_CWAS_SNPs_2023-05-15_phased.vcf.gz MAX_RECORDS_IN_RAM=100000 REFERENCE_SEQUENCE=/lus/grand/projects/TFXcan/imlab/data/hg_sequences/hg38/Homo_sapiens_assembly38.fasta    WARN_ON_MISSING_CONTIG=false LOG_FAILED_INTERVALS=true WRITE_ORIGINAL_POSITION=false WRITE_ORIGINAL_ALLELES=false LIFTOVER_MIN_MATCH=1.0 ALLOW_MISSING_FIELDS_IN_HEADER=false RECOVER_SWAPPED_REF_ALT=false TAGS_TO_REVERSE=[AF] TAGS_TO_DROP=[MAX_AF] DISABLE_SORT=false VERBOSITY=INFO QUIET=false VALIDATION_STRINGENCY=STRICT COMPRESSION_LEVEL=5 CREATE_INDEX=false CREATE_MD5_FILE=false USE_JDK_DEFLATER=false USE_JDK_INFLATER=false
[Fri May 19 15:21:35 UTC 2023] Executing as temi@x3006c0s19b0n0 on Linux 5.3.18-57-default amd64; OpenJDK 64-Bit Server VM 17.0.3-internal+0-adhoc..src; Deflater: Intel; Inflater: Intel; Provider GCS is not available; Picard version: 3.0.0-3-ge67fe94-SNAPSHOT
INFO	2023-05-19 15:21:35	LiftoverVcf	Loading up the target reference genome.
INFO	2023-05-19 15:21:40	LiftoverVcf	Lifting variants over and sorting (not yet writing the output file.)
15:21:50.619 WARN  IntelInflater - Zero Bytes Written : 0
INFO	2023-05-19 15:21:50	LiftoverVcf	Processed 305040 variants.
INFO	2023-05-19 15:21:50	LiftoverVcf	289 variants failed to liftover.
INFO	2023-05-19 15:21:50	LiftoverVcf	947 variants lifted over but had mismatching reference alleles after lift over.
INFO	2023-05-19 15:21:50	LiftoverVcf	0.4052% of variants were not successfully lifted over and written to the output.
INFO	2023-05-19 15:21:50	LiftoverVcf	liftover success by source contig:
INFO	2023-05-19 15:21:50	LiftoverVcf	chr8: 303804 / 305040 (99.5948%)
INFO	2023-05-19 15:21:50	LiftoverVcf	lifted variants by target contig:
INFO	2023-05-19 15:21:50	LiftoverVcf	chr8: 303690
INFO	2023-05-19 15:21:50	LiftoverVcf	chr8_KI270821v1_alt: 114
WARNING	2023-05-19 15:21:50	LiftoverVcf	947 variants with a swapped REF/ALT were identified, but were not recovered.  See RECOVER_SWAPPED_REF_ALT and associated caveats.
INFO	2023-05-19 15:21:50	LiftoverVcf	Writing out sorted records to final VCF.
WARNING	2023-05-19 15:21:50	SortingCollection	There is not enough memory per file for buffering. Reading will be unbuffered.
[Fri May 19 15:21:53 UTC 2023] picard.vcf.LiftoverVcf done. Elapsed time: 0.30 minutes.
Runtime.totalMemory()=12146704384
INFO	2023-05-19 15:21:41	LiftoverVcf	

********** NOTE: Picard's command line syntax is changing.
**********
********** For more information, please see:
********** 
https://github.com/broadinstitute/picard/wiki/Command-Line-Syntax-Transition-For-Users-(Pre-Transition)
**********
********** The command line looks like this in the new syntax:
**********
**********    LiftoverVcf -I /lus/grand/projects/TFXcan/imlab/data/baca_cwas/split_vcf/chr15_CWAS_SNPs_2023-05-15_phased.vcf.gz -O /lus/grand/projects/TFXcan/imlab/data/baca_cwas/split_hg38_vcf/chr15_CWAS_SNPs_2023-05-15_phased.vcf.gz -CHAIN /lus/grand/projects/TFXcan/imlab/data/liftover_files/hg19ToHg38.over.chain.gz -REJECT /lus/grand/projects/TFXcan/imlab/data/baca_cwas/rejected_liftover_records/chr15_CWAS_SNPs_2023-05-15_phased.vcf.gz -R /lus/grand/projects/TFXcan/imlab/data/hg_sequences/hg38/Homo_sapiens_assembly38.fasta -MAX_RECORDS_IN_RAM 100000
**********


15:21:41.738 INFO  NativeLibraryLoader - Loading libgkl_compression.so from jar:file:/lus/grand/projects/TFXcan/imlab/users/temi/software/picard/build/libs/picard.jar!/com/intel/gkl/native/libgkl_compression.so
[Fri May 19 15:21:41 UTC 2023] LiftoverVcf INPUT=/lus/grand/projects/TFXcan/imlab/data/baca_cwas/split_vcf/chr15_CWAS_SNPs_2023-05-15_phased.vcf.gz OUTPUT=/lus/grand/projects/TFXcan/imlab/data/baca_cwas/split_hg38_vcf/chr15_CWAS_SNPs_2023-05-15_phased.vcf.gz CHAIN=/lus/grand/projects/TFXcan/imlab/data/liftover_files/hg19ToHg38.over.chain.gz REJECT=/lus/grand/projects/TFXcan/imlab/data/baca_cwas/rejected_liftover_records/chr15_CWAS_SNPs_2023-05-15_phased.vcf.gz MAX_RECORDS_IN_RAM=100000 REFERENCE_SEQUENCE=/lus/grand/projects/TFXcan/imlab/data/hg_sequences/hg38/Homo_sapiens_assembly38.fasta    WARN_ON_MISSING_CONTIG=false LOG_FAILED_INTERVALS=true WRITE_ORIGINAL_POSITION=false WRITE_ORIGINAL_ALLELES=false LIFTOVER_MIN_MATCH=1.0 ALLOW_MISSING_FIELDS_IN_HEADER=false RECOVER_SWAPPED_REF_ALT=false TAGS_TO_REVERSE=[AF] TAGS_TO_DROP=[MAX_AF] DISABLE_SORT=false VERBOSITY=INFO QUIET=false VALIDATION_STRINGENCY=STRICT COMPRESSION_LEVEL=5 CREATE_INDEX=false CREATE_MD5_FILE=false USE_JDK_DEFLATER=false USE_JDK_INFLATER=false
[Fri May 19 15:21:41 UTC 2023] Executing as temi@x3006c0s19b0n0 on Linux 5.3.18-57-default amd64; OpenJDK 64-Bit Server VM 17.0.3-internal+0-adhoc..src; Deflater: Intel; Inflater: Intel; Provider GCS is not available; Picard version: 3.0.0-3-ge67fe94-SNAPSHOT
INFO	2023-05-19 15:21:41	LiftoverVcf	Loading up the target reference genome.
INFO	2023-05-19 15:21:46	LiftoverVcf	Lifting variants over and sorting (not yet writing the output file.)
15:21:51.505 WARN  IntelInflater - Zero Bytes Written : 0
INFO	2023-05-19 15:21:51	LiftoverVcf	Processed 156451 variants.
INFO	2023-05-19 15:21:51	LiftoverVcf	12 variants failed to liftover.
INFO	2023-05-19 15:21:51	LiftoverVcf	57 variants lifted over but had mismatching reference alleles after lift over.
INFO	2023-05-19 15:21:51	LiftoverVcf	0.0441% of variants were not successfully lifted over and written to the output.
INFO	2023-05-19 15:21:51	LiftoverVcf	liftover success by source contig:
INFO	2023-05-19 15:21:51	LiftoverVcf	chr15: 156382 / 156451 (99.9559%)
INFO	2023-05-19 15:21:51	LiftoverVcf	lifted variants by target contig:
INFO	2023-05-19 15:21:51	LiftoverVcf	chr15: 156380
INFO	2023-05-19 15:21:51	LiftoverVcf	chr15_KI270850v1_alt: 2
WARNING	2023-05-19 15:21:51	LiftoverVcf	56 variants with a swapped REF/ALT were identified, but were not recovered.  See RECOVER_SWAPPED_REF_ALT and associated caveats.
INFO	2023-05-19 15:21:52	LiftoverVcf	Writing out sorted records to final VCF.
[Fri May 19 15:21:54 UTC 2023] picard.vcf.LiftoverVcf done. Elapsed time: 0.21 minutes.
Runtime.totalMemory()=11878268928
INFO	2023-05-19 15:21:46	LiftoverVcf	

********** NOTE: Picard's command line syntax is changing.
**********
********** For more information, please see:
********** 
https://github.com/broadinstitute/picard/wiki/Command-Line-Syntax-Transition-For-Users-(Pre-Transition)
**********
********** The command line looks like this in the new syntax:
**********
**********    LiftoverVcf -I /lus/grand/projects/TFXcan/imlab/data/baca_cwas/split_vcf/chr11_CWAS_SNPs_2023-05-15_phased.vcf.gz -O /lus/grand/projects/TFXcan/imlab/data/baca_cwas/split_hg38_vcf/chr11_CWAS_SNPs_2023-05-15_phased.vcf.gz -CHAIN /lus/grand/projects/TFXcan/imlab/data/liftover_files/hg19ToHg38.over.chain.gz -REJECT /lus/grand/projects/TFXcan/imlab/data/baca_cwas/rejected_liftover_records/chr11_CWAS_SNPs_2023-05-15_phased.vcf.gz -R /lus/grand/projects/TFXcan/imlab/data/hg_sequences/hg38/Homo_sapiens_assembly38.fasta -MAX_RECORDS_IN_RAM 100000
**********


15:21:46.188 INFO  NativeLibraryLoader - Loading libgkl_compression.so from jar:file:/lus/grand/projects/TFXcan/imlab/users/temi/software/picard/build/libs/picard.jar!/com/intel/gkl/native/libgkl_compression.so
[Fri May 19 15:21:46 UTC 2023] LiftoverVcf INPUT=/lus/grand/projects/TFXcan/imlab/data/baca_cwas/split_vcf/chr11_CWAS_SNPs_2023-05-15_phased.vcf.gz OUTPUT=/lus/grand/projects/TFXcan/imlab/data/baca_cwas/split_hg38_vcf/chr11_CWAS_SNPs_2023-05-15_phased.vcf.gz CHAIN=/lus/grand/projects/TFXcan/imlab/data/liftover_files/hg19ToHg38.over.chain.gz REJECT=/lus/grand/projects/TFXcan/imlab/data/baca_cwas/rejected_liftover_records/chr11_CWAS_SNPs_2023-05-15_phased.vcf.gz MAX_RECORDS_IN_RAM=100000 REFERENCE_SEQUENCE=/lus/grand/projects/TFXcan/imlab/data/hg_sequences/hg38/Homo_sapiens_assembly38.fasta    WARN_ON_MISSING_CONTIG=false LOG_FAILED_INTERVALS=true WRITE_ORIGINAL_POSITION=false WRITE_ORIGINAL_ALLELES=false LIFTOVER_MIN_MATCH=1.0 ALLOW_MISSING_FIELDS_IN_HEADER=false RECOVER_SWAPPED_REF_ALT=false TAGS_TO_REVERSE=[AF] TAGS_TO_DROP=[MAX_AF] DISABLE_SORT=false VERBOSITY=INFO QUIET=false VALIDATION_STRINGENCY=STRICT COMPRESSION_LEVEL=5 CREATE_INDEX=false CREATE_MD5_FILE=false USE_JDK_DEFLATER=false USE_JDK_INFLATER=false
[Fri May 19 15:21:46 UTC 2023] Executing as temi@x3006c0s19b0n0 on Linux 5.3.18-57-default amd64; OpenJDK 64-Bit Server VM 17.0.3-internal+0-adhoc..src; Deflater: Intel; Inflater: Intel; Provider GCS is not available; Picard version: 3.0.0-3-ge67fe94-SNAPSHOT
INFO	2023-05-19 15:21:46	LiftoverVcf	Loading up the target reference genome.
INFO	2023-05-19 15:21:51	LiftoverVcf	Lifting variants over and sorting (not yet writing the output file.)
15:21:58.924 WARN  IntelInflater - Zero Bytes Written : 0
INFO	2023-05-19 15:21:58	LiftoverVcf	Processed 276748 variants.
INFO	2023-05-19 15:21:58	LiftoverVcf	119 variants failed to liftover.
INFO	2023-05-19 15:21:58	LiftoverVcf	254 variants lifted over but had mismatching reference alleles after lift over.
INFO	2023-05-19 15:21:58	LiftoverVcf	0.1348% of variants were not successfully lifted over and written to the output.
INFO	2023-05-19 15:21:58	LiftoverVcf	liftover success by source contig:
INFO	2023-05-19 15:21:58	LiftoverVcf	chr11: 276375 / 276748 (99.8652%)
INFO	2023-05-19 15:21:58	LiftoverVcf	lifted variants by target contig:
INFO	2023-05-19 15:21:58	LiftoverVcf	chr11: 276375
WARNING	2023-05-19 15:21:58	LiftoverVcf	253 variants with a swapped REF/ALT were identified, but were not recovered.  See RECOVER_SWAPPED_REF_ALT and associated caveats.
INFO	2023-05-19 15:22:00	LiftoverVcf	Writing out sorted records to final VCF.
[Fri May 19 15:22:03 UTC 2023] picard.vcf.LiftoverVcf done. Elapsed time: 0.28 minutes.
Runtime.totalMemory()=12247367680
INFO	2023-05-19 15:21:54	LiftoverVcf	

********** NOTE: Picard's command line syntax is changing.
**********
********** For more information, please see:
********** 
https://github.com/broadinstitute/picard/wiki/Command-Line-Syntax-Transition-For-Users-(Pre-Transition)
**********
********** The command line looks like this in the new syntax:
**********
**********    LiftoverVcf -I /lus/grand/projects/TFXcan/imlab/data/baca_cwas/split_vcf/chr20_CWAS_SNPs_2023-05-15_phased.vcf.gz -O /lus/grand/projects/TFXcan/imlab/data/baca_cwas/split_hg38_vcf/chr20_CWAS_SNPs_2023-05-15_phased.vcf.gz -CHAIN /lus/grand/projects/TFXcan/imlab/data/liftover_files/hg19ToHg38.over.chain.gz -REJECT /lus/grand/projects/TFXcan/imlab/data/baca_cwas/rejected_liftover_records/chr20_CWAS_SNPs_2023-05-15_phased.vcf.gz -R /lus/grand/projects/TFXcan/imlab/data/hg_sequences/hg38/Homo_sapiens_assembly38.fasta -MAX_RECORDS_IN_RAM 100000
**********


15:21:54.701 INFO  NativeLibraryLoader - Loading libgkl_compression.so from jar:file:/lus/grand/projects/TFXcan/imlab/users/temi/software/picard/build/libs/picard.jar!/com/intel/gkl/native/libgkl_compression.so
[Fri May 19 15:21:54 UTC 2023] LiftoverVcf INPUT=/lus/grand/projects/TFXcan/imlab/data/baca_cwas/split_vcf/chr20_CWAS_SNPs_2023-05-15_phased.vcf.gz OUTPUT=/lus/grand/projects/TFXcan/imlab/data/baca_cwas/split_hg38_vcf/chr20_CWAS_SNPs_2023-05-15_phased.vcf.gz CHAIN=/lus/grand/projects/TFXcan/imlab/data/liftover_files/hg19ToHg38.over.chain.gz REJECT=/lus/grand/projects/TFXcan/imlab/data/baca_cwas/rejected_liftover_records/chr20_CWAS_SNPs_2023-05-15_phased.vcf.gz MAX_RECORDS_IN_RAM=100000 REFERENCE_SEQUENCE=/lus/grand/projects/TFXcan/imlab/data/hg_sequences/hg38/Homo_sapiens_assembly38.fasta    WARN_ON_MISSING_CONTIG=false LOG_FAILED_INTERVALS=true WRITE_ORIGINAL_POSITION=false WRITE_ORIGINAL_ALLELES=false LIFTOVER_MIN_MATCH=1.0 ALLOW_MISSING_FIELDS_IN_HEADER=false RECOVER_SWAPPED_REF_ALT=false TAGS_TO_REVERSE=[AF] TAGS_TO_DROP=[MAX_AF] DISABLE_SORT=false VERBOSITY=INFO QUIET=false VALIDATION_STRINGENCY=STRICT COMPRESSION_LEVEL=5 CREATE_INDEX=false CREATE_MD5_FILE=false USE_JDK_DEFLATER=false USE_JDK_INFLATER=false
[Fri May 19 15:21:54 UTC 2023] Executing as temi@x3006c0s19b0n0 on Linux 5.3.18-57-default amd64; OpenJDK 64-Bit Server VM 17.0.3-internal+0-adhoc..src; Deflater: Intel; Inflater: Intel; Provider GCS is not available; Picard version: 3.0.0-3-ge67fe94-SNAPSHOT
INFO	2023-05-19 15:21:54	LiftoverVcf	Loading up the target reference genome.
INFO	2023-05-19 15:21:59	LiftoverVcf	Lifting variants over and sorting (not yet writing the output file.)
15:22:03.981 WARN  IntelInflater - Zero Bytes Written : 0
INFO	2023-05-19 15:22:03	LiftoverVcf	Processed 124100 variants.
INFO	2023-05-19 15:22:03	LiftoverVcf	35 variants failed to liftover.
INFO	2023-05-19 15:22:03	LiftoverVcf	179 variants lifted over but had mismatching reference alleles after lift over.
INFO	2023-05-19 15:22:03	LiftoverVcf	0.1724% of variants were not successfully lifted over and written to the output.
INFO	2023-05-19 15:22:03	LiftoverVcf	liftover success by source contig:
INFO	2023-05-19 15:22:03	LiftoverVcf	chr20: 123886 / 124100 (99.8276%)
INFO	2023-05-19 15:22:03	LiftoverVcf	lifted variants by target contig:
INFO	2023-05-19 15:22:03	LiftoverVcf	chr20: 123886
WARNING	2023-05-19 15:22:03	LiftoverVcf	178 variants with a swapped REF/ALT were identified, but were not recovered.  See RECOVER_SWAPPED_REF_ALT and associated caveats.
INFO	2023-05-19 15:22:04	LiftoverVcf	Writing out sorted records to final VCF.
[Fri May 19 15:22:05 UTC 2023] picard.vcf.LiftoverVcf done. Elapsed time: 0.18 minutes.
Runtime.totalMemory()=905969664
INFO	2023-05-19 15:21:46	LiftoverVcf	

********** NOTE: Picard's command line syntax is changing.
**********
********** For more information, please see:
********** 
https://github.com/broadinstitute/picard/wiki/Command-Line-Syntax-Transition-For-Users-(Pre-Transition)
**********
********** The command line looks like this in the new syntax:
**********
**********    LiftoverVcf -I /lus/grand/projects/TFXcan/imlab/data/baca_cwas/split_vcf/chr4_CWAS_SNPs_2023-05-15_phased.vcf.gz -O /lus/grand/projects/TFXcan/imlab/data/baca_cwas/split_hg38_vcf/chr4_CWAS_SNPs_2023-05-15_phased.vcf.gz -CHAIN /lus/grand/projects/TFXcan/imlab/data/liftover_files/hg19ToHg38.over.chain.gz -REJECT /lus/grand/projects/TFXcan/imlab/data/baca_cwas/rejected_liftover_records/chr4_CWAS_SNPs_2023-05-15_phased.vcf.gz -R /lus/grand/projects/TFXcan/imlab/data/hg_sequences/hg38/Homo_sapiens_assembly38.fasta -MAX_RECORDS_IN_RAM 100000
**********


15:21:46.623 INFO  NativeLibraryLoader - Loading libgkl_compression.so from jar:file:/lus/grand/projects/TFXcan/imlab/users/temi/software/picard/build/libs/picard.jar!/com/intel/gkl/native/libgkl_compression.so
[Fri May 19 15:21:46 UTC 2023] LiftoverVcf INPUT=/lus/grand/projects/TFXcan/imlab/data/baca_cwas/split_vcf/chr4_CWAS_SNPs_2023-05-15_phased.vcf.gz OUTPUT=/lus/grand/projects/TFXcan/imlab/data/baca_cwas/split_hg38_vcf/chr4_CWAS_SNPs_2023-05-15_phased.vcf.gz CHAIN=/lus/grand/projects/TFXcan/imlab/data/liftover_files/hg19ToHg38.over.chain.gz REJECT=/lus/grand/projects/TFXcan/imlab/data/baca_cwas/rejected_liftover_records/chr4_CWAS_SNPs_2023-05-15_phased.vcf.gz MAX_RECORDS_IN_RAM=100000 REFERENCE_SEQUENCE=/lus/grand/projects/TFXcan/imlab/data/hg_sequences/hg38/Homo_sapiens_assembly38.fasta    WARN_ON_MISSING_CONTIG=false LOG_FAILED_INTERVALS=true WRITE_ORIGINAL_POSITION=false WRITE_ORIGINAL_ALLELES=false LIFTOVER_MIN_MATCH=1.0 ALLOW_MISSING_FIELDS_IN_HEADER=false RECOVER_SWAPPED_REF_ALT=false TAGS_TO_REVERSE=[AF] TAGS_TO_DROP=[MAX_AF] DISABLE_SORT=false VERBOSITY=INFO QUIET=false VALIDATION_STRINGENCY=STRICT COMPRESSION_LEVEL=5 CREATE_INDEX=false CREATE_MD5_FILE=false USE_JDK_DEFLATER=false USE_JDK_INFLATER=false
[Fri May 19 15:21:46 UTC 2023] Executing as temi@x3006c0s19b0n0 on Linux 5.3.18-57-default amd64; OpenJDK 64-Bit Server VM 17.0.3-internal+0-adhoc..src; Deflater: Intel; Inflater: Intel; Provider GCS is not available; Picard version: 3.0.0-3-ge67fe94-SNAPSHOT
INFO	2023-05-19 15:21:46	LiftoverVcf	Loading up the target reference genome.
INFO	2023-05-19 15:21:51	LiftoverVcf	Lifting variants over and sorting (not yet writing the output file.)
15:22:03.815 WARN  IntelInflater - Zero Bytes Written : 0
INFO	2023-05-19 15:22:03	LiftoverVcf	Processed 402177 variants.
INFO	2023-05-19 15:22:03	LiftoverVcf	57 variants failed to liftover.
INFO	2023-05-19 15:22:03	LiftoverVcf	291 variants lifted over but had mismatching reference alleles after lift over.
INFO	2023-05-19 15:22:03	LiftoverVcf	0.0865% of variants were not successfully lifted over and written to the output.
INFO	2023-05-19 15:22:03	LiftoverVcf	liftover success by source contig:
INFO	2023-05-19 15:22:03	LiftoverVcf	chr4: 401829 / 402177 (99.9135%)
INFO	2023-05-19 15:22:03	LiftoverVcf	lifted variants by target contig:
INFO	2023-05-19 15:22:03	LiftoverVcf	chr4: 401829
WARNING	2023-05-19 15:22:03	LiftoverVcf	289 variants with a swapped REF/ALT were identified, but were not recovered.  See RECOVER_SWAPPED_REF_ALT and associated caveats.
INFO	2023-05-19 15:22:03	LiftoverVcf	Writing out sorted records to final VCF.
[Fri May 19 15:22:07 UTC 2023] picard.vcf.LiftoverVcf done. Elapsed time: 0.36 minutes.
Runtime.totalMemory()=12364808192
INFO	2023-05-19 15:22:06	LiftoverVcf	

********** NOTE: Picard's command line syntax is changing.
**********
********** For more information, please see:
********** 
https://github.com/broadinstitute/picard/wiki/Command-Line-Syntax-Transition-For-Users-(Pre-Transition)
**********
********** The command line looks like this in the new syntax:
**********
**********    LiftoverVcf -I /lus/grand/projects/TFXcan/imlab/data/baca_cwas/split_vcf/chr21_CWAS_SNPs_2023-05-15_phased.vcf.gz -O /lus/grand/projects/TFXcan/imlab/data/baca_cwas/split_hg38_vcf/chr21_CWAS_SNPs_2023-05-15_phased.vcf.gz -CHAIN /lus/grand/projects/TFXcan/imlab/data/liftover_files/hg19ToHg38.over.chain.gz -REJECT /lus/grand/projects/TFXcan/imlab/data/baca_cwas/rejected_liftover_records/chr21_CWAS_SNPs_2023-05-15_phased.vcf.gz -R /lus/grand/projects/TFXcan/imlab/data/hg_sequences/hg38/Homo_sapiens_assembly38.fasta -MAX_RECORDS_IN_RAM 100000
**********


15:22:06.212 INFO  NativeLibraryLoader - Loading libgkl_compression.so from jar:file:/lus/grand/projects/TFXcan/imlab/users/temi/software/picard/build/libs/picard.jar!/com/intel/gkl/native/libgkl_compression.so
[Fri May 19 15:22:06 UTC 2023] LiftoverVcf INPUT=/lus/grand/projects/TFXcan/imlab/data/baca_cwas/split_vcf/chr21_CWAS_SNPs_2023-05-15_phased.vcf.gz OUTPUT=/lus/grand/projects/TFXcan/imlab/data/baca_cwas/split_hg38_vcf/chr21_CWAS_SNPs_2023-05-15_phased.vcf.gz CHAIN=/lus/grand/projects/TFXcan/imlab/data/liftover_files/hg19ToHg38.over.chain.gz REJECT=/lus/grand/projects/TFXcan/imlab/data/baca_cwas/rejected_liftover_records/chr21_CWAS_SNPs_2023-05-15_phased.vcf.gz MAX_RECORDS_IN_RAM=100000 REFERENCE_SEQUENCE=/lus/grand/projects/TFXcan/imlab/data/hg_sequences/hg38/Homo_sapiens_assembly38.fasta    WARN_ON_MISSING_CONTIG=false LOG_FAILED_INTERVALS=true WRITE_ORIGINAL_POSITION=false WRITE_ORIGINAL_ALLELES=false LIFTOVER_MIN_MATCH=1.0 ALLOW_MISSING_FIELDS_IN_HEADER=false RECOVER_SWAPPED_REF_ALT=false TAGS_TO_REVERSE=[AF] TAGS_TO_DROP=[MAX_AF] DISABLE_SORT=false VERBOSITY=INFO QUIET=false VALIDATION_STRINGENCY=STRICT COMPRESSION_LEVEL=5 CREATE_INDEX=false CREATE_MD5_FILE=false USE_JDK_DEFLATER=false USE_JDK_INFLATER=false
[Fri May 19 15:22:06 UTC 2023] Executing as temi@x3006c0s19b0n0 on Linux 5.3.18-57-default amd64; OpenJDK 64-Bit Server VM 17.0.3-internal+0-adhoc..src; Deflater: Intel; Inflater: Intel; Provider GCS is not available; Picard version: 3.0.0-3-ge67fe94-SNAPSHOT
INFO	2023-05-19 15:22:06	LiftoverVcf	Loading up the target reference genome.
INFO	2023-05-19 15:22:11	LiftoverVcf	Lifting variants over and sorting (not yet writing the output file.)
15:22:12.871 WARN  IntelInflater - Zero Bytes Written : 0
INFO	2023-05-19 15:22:12	LiftoverVcf	Processed 79264 variants.
INFO	2023-05-19 15:22:12	LiftoverVcf	23 variants failed to liftover.
INFO	2023-05-19 15:22:12	LiftoverVcf	44 variants lifted over but had mismatching reference alleles after lift over.
INFO	2023-05-19 15:22:12	LiftoverVcf	0.0845% of variants were not successfully lifted over and written to the output.
INFO	2023-05-19 15:22:12	LiftoverVcf	liftover success by source contig:
INFO	2023-05-19 15:22:12	LiftoverVcf	chr21: 79197 / 79264 (99.9155%)
INFO	2023-05-19 15:22:12	LiftoverVcf	lifted variants by target contig:
INFO	2023-05-19 15:22:12	LiftoverVcf	chr21: 79197
WARNING	2023-05-19 15:22:12	LiftoverVcf	43 variants with a swapped REF/ALT were identified, but were not recovered.  See RECOVER_SWAPPED_REF_ALT and associated caveats.
INFO	2023-05-19 15:22:12	LiftoverVcf	Writing out sorted records to final VCF.
[Fri May 19 15:22:15 UTC 2023] picard.vcf.LiftoverVcf done. Elapsed time: 0.15 minutes.
Runtime.totalMemory()=3187671040
INFO	2023-05-19 15:21:54	LiftoverVcf	

********** NOTE: Picard's command line syntax is changing.
**********
********** For more information, please see:
********** 
https://github.com/broadinstitute/picard/wiki/Command-Line-Syntax-Transition-For-Users-(Pre-Transition)
**********
********** The command line looks like this in the new syntax:
**********
**********    LiftoverVcf -I /lus/grand/projects/TFXcan/imlab/data/baca_cwas/split_vcf/chr1_CWAS_SNPs_2023-05-15_phased.vcf.gz -O /lus/grand/projects/TFXcan/imlab/data/baca_cwas/split_hg38_vcf/chr1_CWAS_SNPs_2023-05-15_phased.vcf.gz -CHAIN /lus/grand/projects/TFXcan/imlab/data/liftover_files/hg19ToHg38.over.chain.gz -REJECT /lus/grand/projects/TFXcan/imlab/data/baca_cwas/rejected_liftover_records/chr1_CWAS_SNPs_2023-05-15_phased.vcf.gz -R /lus/grand/projects/TFXcan/imlab/data/hg_sequences/hg38/Homo_sapiens_assembly38.fasta -MAX_RECORDS_IN_RAM 100000
**********


15:21:54.456 INFO  NativeLibraryLoader - Loading libgkl_compression.so from jar:file:/lus/grand/projects/TFXcan/imlab/users/temi/software/picard/build/libs/picard.jar!/com/intel/gkl/native/libgkl_compression.so
[Fri May 19 15:21:54 UTC 2023] LiftoverVcf INPUT=/lus/grand/projects/TFXcan/imlab/data/baca_cwas/split_vcf/chr1_CWAS_SNPs_2023-05-15_phased.vcf.gz OUTPUT=/lus/grand/projects/TFXcan/imlab/data/baca_cwas/split_hg38_vcf/chr1_CWAS_SNPs_2023-05-15_phased.vcf.gz CHAIN=/lus/grand/projects/TFXcan/imlab/data/liftover_files/hg19ToHg38.over.chain.gz REJECT=/lus/grand/projects/TFXcan/imlab/data/baca_cwas/rejected_liftover_records/chr1_CWAS_SNPs_2023-05-15_phased.vcf.gz MAX_RECORDS_IN_RAM=100000 REFERENCE_SEQUENCE=/lus/grand/projects/TFXcan/imlab/data/hg_sequences/hg38/Homo_sapiens_assembly38.fasta    WARN_ON_MISSING_CONTIG=false LOG_FAILED_INTERVALS=true WRITE_ORIGINAL_POSITION=false WRITE_ORIGINAL_ALLELES=false LIFTOVER_MIN_MATCH=1.0 ALLOW_MISSING_FIELDS_IN_HEADER=false RECOVER_SWAPPED_REF_ALT=false TAGS_TO_REVERSE=[AF] TAGS_TO_DROP=[MAX_AF] DISABLE_SORT=false VERBOSITY=INFO QUIET=false VALIDATION_STRINGENCY=STRICT COMPRESSION_LEVEL=5 CREATE_INDEX=false CREATE_MD5_FILE=false USE_JDK_DEFLATER=false USE_JDK_INFLATER=false
[Fri May 19 15:21:54 UTC 2023] Executing as temi@x3006c0s19b0n0 on Linux 5.3.18-57-default amd64; OpenJDK 64-Bit Server VM 17.0.3-internal+0-adhoc..src; Deflater: Intel; Inflater: Intel; Provider GCS is not available; Picard version: 3.0.0-3-ge67fe94-SNAPSHOT
INFO	2023-05-19 15:21:54	LiftoverVcf	Loading up the target reference genome.
INFO	2023-05-19 15:21:59	LiftoverVcf	Lifting variants over and sorting (not yet writing the output file.)
15:22:15.975 WARN  IntelInflater - Zero Bytes Written : 0
INFO	2023-05-19 15:22:15	LiftoverVcf	Processed 420379 variants.
INFO	2023-05-19 15:22:15	LiftoverVcf	368 variants failed to liftover.
INFO	2023-05-19 15:22:15	LiftoverVcf	1625 variants lifted over but had mismatching reference alleles after lift over.
INFO	2023-05-19 15:22:15	LiftoverVcf	0.4741% of variants were not successfully lifted over and written to the output.
INFO	2023-05-19 15:22:15	LiftoverVcf	liftover success by source contig:
INFO	2023-05-19 15:22:15	LiftoverVcf	chr1: 418386 / 420379 (99.5259%)
INFO	2023-05-19 15:22:15	LiftoverVcf	lifted variants by target contig:
INFO	2023-05-19 15:22:15	LiftoverVcf	chr1: 418347
INFO	2023-05-19 15:22:15	LiftoverVcf	chr14_GL000009v2_random: 10
INFO	2023-05-19 15:22:15	LiftoverVcf	chr1_KI270706v1_random: 10
INFO	2023-05-19 15:22:15	LiftoverVcf	chr1_KI270766v1_alt: 1
INFO	2023-05-19 15:22:15	LiftoverVcf	chr21: 7
INFO	2023-05-19 15:22:15	LiftoverVcf	chr4_GL000008v2_random: 7
INFO	2023-05-19 15:22:15	LiftoverVcf	chr9: 2
INFO	2023-05-19 15:22:15	LiftoverVcf	chrUn_KI270742v1: 2
WARNING	2023-05-19 15:22:15	LiftoverVcf	1618 variants with a swapped REF/ALT were identified, but were not recovered.  See RECOVER_SWAPPED_REF_ALT and associated caveats.
INFO	2023-05-19 15:22:16	LiftoverVcf	Writing out sorted records to final VCF.
[Fri May 19 15:22:20 UTC 2023] picard.vcf.LiftoverVcf done. Elapsed time: 0.44 minutes.
Runtime.totalMemory()=11425284096
INFO	2023-05-19 15:22:08	LiftoverVcf	

********** NOTE: Picard's command line syntax is changing.
**********
********** For more information, please see:
********** 
https://github.com/broadinstitute/picard/wiki/Command-Line-Syntax-Transition-For-Users-(Pre-Transition)
**********
********** The command line looks like this in the new syntax:
**********
**********    LiftoverVcf -I /lus/grand/projects/TFXcan/imlab/data/baca_cwas/split_vcf/chr16_CWAS_SNPs_2023-05-15_phased.vcf.gz -O /lus/grand/projects/TFXcan/imlab/data/baca_cwas/split_hg38_vcf/chr16_CWAS_SNPs_2023-05-15_phased.vcf.gz -CHAIN /lus/grand/projects/TFXcan/imlab/data/liftover_files/hg19ToHg38.over.chain.gz -REJECT /lus/grand/projects/TFXcan/imlab/data/baca_cwas/rejected_liftover_records/chr16_CWAS_SNPs_2023-05-15_phased.vcf.gz -R /lus/grand/projects/TFXcan/imlab/data/hg_sequences/hg38/Homo_sapiens_assembly38.fasta -MAX_RECORDS_IN_RAM 100000
**********


15:22:08.441 INFO  NativeLibraryLoader - Loading libgkl_compression.so from jar:file:/lus/grand/projects/TFXcan/imlab/users/temi/software/picard/build/libs/picard.jar!/com/intel/gkl/native/libgkl_compression.so
[Fri May 19 15:22:08 UTC 2023] LiftoverVcf INPUT=/lus/grand/projects/TFXcan/imlab/data/baca_cwas/split_vcf/chr16_CWAS_SNPs_2023-05-15_phased.vcf.gz OUTPUT=/lus/grand/projects/TFXcan/imlab/data/baca_cwas/split_hg38_vcf/chr16_CWAS_SNPs_2023-05-15_phased.vcf.gz CHAIN=/lus/grand/projects/TFXcan/imlab/data/liftover_files/hg19ToHg38.over.chain.gz REJECT=/lus/grand/projects/TFXcan/imlab/data/baca_cwas/rejected_liftover_records/chr16_CWAS_SNPs_2023-05-15_phased.vcf.gz MAX_RECORDS_IN_RAM=100000 REFERENCE_SEQUENCE=/lus/grand/projects/TFXcan/imlab/data/hg_sequences/hg38/Homo_sapiens_assembly38.fasta    WARN_ON_MISSING_CONTIG=false LOG_FAILED_INTERVALS=true WRITE_ORIGINAL_POSITION=false WRITE_ORIGINAL_ALLELES=false LIFTOVER_MIN_MATCH=1.0 ALLOW_MISSING_FIELDS_IN_HEADER=false RECOVER_SWAPPED_REF_ALT=false TAGS_TO_REVERSE=[AF] TAGS_TO_DROP=[MAX_AF] DISABLE_SORT=false VERBOSITY=INFO QUIET=false VALIDATION_STRINGENCY=STRICT COMPRESSION_LEVEL=5 CREATE_INDEX=false CREATE_MD5_FILE=false USE_JDK_DEFLATER=false USE_JDK_INFLATER=false
[Fri May 19 15:22:08 UTC 2023] Executing as temi@x3006c0s19b0n0 on Linux 5.3.18-57-default amd64; OpenJDK 64-Bit Server VM 17.0.3-internal+0-adhoc..src; Deflater: Intel; Inflater: Intel; Provider GCS is not available; Picard version: 3.0.0-3-ge67fe94-SNAPSHOT
INFO	2023-05-19 15:22:08	LiftoverVcf	Loading up the target reference genome.
INFO	2023-05-19 15:22:13	LiftoverVcf	Lifting variants over and sorting (not yet writing the output file.)
15:22:18.047 WARN  IntelInflater - Zero Bytes Written : 0
INFO	2023-05-19 15:22:18	LiftoverVcf	Processed 168614 variants.
INFO	2023-05-19 15:22:18	LiftoverVcf	1 variants failed to liftover.
INFO	2023-05-19 15:22:18	LiftoverVcf	5 variants lifted over but had mismatching reference alleles after lift over.
INFO	2023-05-19 15:22:18	LiftoverVcf	0.0036% of variants were not successfully lifted over and written to the output.
INFO	2023-05-19 15:22:18	LiftoverVcf	liftover success by source contig:
INFO	2023-05-19 15:22:18	LiftoverVcf	chr16: 168608 / 168614 (99.9964%)
INFO	2023-05-19 15:22:18	LiftoverVcf	lifted variants by target contig:
INFO	2023-05-19 15:22:18	LiftoverVcf	chr16: 168608
WARNING	2023-05-19 15:22:18	LiftoverVcf	5 variants with a swapped REF/ALT were identified, but were not recovered.  See RECOVER_SWAPPED_REF_ALT and associated caveats.
INFO	2023-05-19 15:22:19	LiftoverVcf	Writing out sorted records to final VCF.
[Fri May 19 15:22:20 UTC 2023] picard.vcf.LiftoverVcf done. Elapsed time: 0.21 minutes.
Runtime.totalMemory()=12079595520
INFO	2023-05-19 15:22:03	LiftoverVcf	

********** NOTE: Picard's command line syntax is changing.
**********
********** For more information, please see:
********** 
https://github.com/broadinstitute/picard/wiki/Command-Line-Syntax-Transition-For-Users-(Pre-Transition)
**********
********** The command line looks like this in the new syntax:
**********
**********    LiftoverVcf -I /lus/grand/projects/TFXcan/imlab/data/baca_cwas/split_vcf/chr7_CWAS_SNPs_2023-05-15_phased.vcf.gz -O /lus/grand/projects/TFXcan/imlab/data/baca_cwas/split_hg38_vcf/chr7_CWAS_SNPs_2023-05-15_phased.vcf.gz -CHAIN /lus/grand/projects/TFXcan/imlab/data/liftover_files/hg19ToHg38.over.chain.gz -REJECT /lus/grand/projects/TFXcan/imlab/data/baca_cwas/rejected_liftover_records/chr7_CWAS_SNPs_2023-05-15_phased.vcf.gz -R /lus/grand/projects/TFXcan/imlab/data/hg_sequences/hg38/Homo_sapiens_assembly38.fasta -MAX_RECORDS_IN_RAM 100000
**********


15:22:03.557 INFO  NativeLibraryLoader - Loading libgkl_compression.so from jar:file:/lus/grand/projects/TFXcan/imlab/users/temi/software/picard/build/libs/picard.jar!/com/intel/gkl/native/libgkl_compression.so
[Fri May 19 15:22:03 UTC 2023] LiftoverVcf INPUT=/lus/grand/projects/TFXcan/imlab/data/baca_cwas/split_vcf/chr7_CWAS_SNPs_2023-05-15_phased.vcf.gz OUTPUT=/lus/grand/projects/TFXcan/imlab/data/baca_cwas/split_hg38_vcf/chr7_CWAS_SNPs_2023-05-15_phased.vcf.gz CHAIN=/lus/grand/projects/TFXcan/imlab/data/liftover_files/hg19ToHg38.over.chain.gz REJECT=/lus/grand/projects/TFXcan/imlab/data/baca_cwas/rejected_liftover_records/chr7_CWAS_SNPs_2023-05-15_phased.vcf.gz MAX_RECORDS_IN_RAM=100000 REFERENCE_SEQUENCE=/lus/grand/projects/TFXcan/imlab/data/hg_sequences/hg38/Homo_sapiens_assembly38.fasta    WARN_ON_MISSING_CONTIG=false LOG_FAILED_INTERVALS=true WRITE_ORIGINAL_POSITION=false WRITE_ORIGINAL_ALLELES=false LIFTOVER_MIN_MATCH=1.0 ALLOW_MISSING_FIELDS_IN_HEADER=false RECOVER_SWAPPED_REF_ALT=false TAGS_TO_REVERSE=[AF] TAGS_TO_DROP=[MAX_AF] DISABLE_SORT=false VERBOSITY=INFO QUIET=false VALIDATION_STRINGENCY=STRICT COMPRESSION_LEVEL=5 CREATE_INDEX=false CREATE_MD5_FILE=false USE_JDK_DEFLATER=false USE_JDK_INFLATER=false
[Fri May 19 15:22:03 UTC 2023] Executing as temi@x3006c0s19b0n0 on Linux 5.3.18-57-default amd64; OpenJDK 64-Bit Server VM 17.0.3-internal+0-adhoc..src; Deflater: Intel; Inflater: Intel; Provider GCS is not available; Picard version: 3.0.0-3-ge67fe94-SNAPSHOT
INFO	2023-05-19 15:22:03	LiftoverVcf	Loading up the target reference genome.
INFO	2023-05-19 15:22:08	LiftoverVcf	Lifting variants over and sorting (not yet writing the output file.)
15:22:19.304 WARN  IntelInflater - Zero Bytes Written : 0
INFO	2023-05-19 15:22:19	LiftoverVcf	Processed 324096 variants.
INFO	2023-05-19 15:22:19	LiftoverVcf	258 variants failed to liftover.
INFO	2023-05-19 15:22:19	LiftoverVcf	1105 variants lifted over but had mismatching reference alleles after lift over.
INFO	2023-05-19 15:22:19	LiftoverVcf	0.4206% of variants were not successfully lifted over and written to the output.
INFO	2023-05-19 15:22:19	LiftoverVcf	liftover success by source contig:
INFO	2023-05-19 15:22:19	LiftoverVcf	chr7: 322733 / 324096 (99.5794%)
INFO	2023-05-19 15:22:19	LiftoverVcf	lifted variants by target contig:
INFO	2023-05-19 15:22:19	LiftoverVcf	chr7: 322251
INFO	2023-05-19 15:22:19	LiftoverVcf	chr7_KI270803v1_alt: 482
WARNING	2023-05-19 15:22:19	LiftoverVcf	1103 variants with a swapped REF/ALT were identified, but were not recovered.  See RECOVER_SWAPPED_REF_ALT and associated caveats.
INFO	2023-05-19 15:22:19	LiftoverVcf	Writing out sorted records to final VCF.
WARNING	2023-05-19 15:22:19	SortingCollection	There is not enough memory per file for buffering. Reading will be unbuffered.
[Fri May 19 15:22:22 UTC 2023] picard.vcf.LiftoverVcf done. Elapsed time: 0.32 minutes.
Runtime.totalMemory()=12079595520
INFO	2023-05-19 15:22:15	LiftoverVcf	

********** NOTE: Picard's command line syntax is changing.
**********
********** For more information, please see:
********** 
https://github.com/broadinstitute/picard/wiki/Command-Line-Syntax-Transition-For-Users-(Pre-Transition)
**********
********** The command line looks like this in the new syntax:
**********
**********    LiftoverVcf -I /lus/grand/projects/TFXcan/imlab/data/baca_cwas/split_vcf/chr12_CWAS_SNPs_2023-05-15_phased.vcf.gz -O /lus/grand/projects/TFXcan/imlab/data/baca_cwas/split_hg38_vcf/chr12_CWAS_SNPs_2023-05-15_phased.vcf.gz -CHAIN /lus/grand/projects/TFXcan/imlab/data/liftover_files/hg19ToHg38.over.chain.gz -REJECT /lus/grand/projects/TFXcan/imlab/data/baca_cwas/rejected_liftover_records/chr12_CWAS_SNPs_2023-05-15_phased.vcf.gz -R /lus/grand/projects/TFXcan/imlab/data/hg_sequences/hg38/Homo_sapiens_assembly38.fasta -MAX_RECORDS_IN_RAM 100000
**********


15:22:15.576 INFO  NativeLibraryLoader - Loading libgkl_compression.so from jar:file:/lus/grand/projects/TFXcan/imlab/users/temi/software/picard/build/libs/picard.jar!/com/intel/gkl/native/libgkl_compression.so
[Fri May 19 15:22:15 UTC 2023] LiftoverVcf INPUT=/lus/grand/projects/TFXcan/imlab/data/baca_cwas/split_vcf/chr12_CWAS_SNPs_2023-05-15_phased.vcf.gz OUTPUT=/lus/grand/projects/TFXcan/imlab/data/baca_cwas/split_hg38_vcf/chr12_CWAS_SNPs_2023-05-15_phased.vcf.gz CHAIN=/lus/grand/projects/TFXcan/imlab/data/liftover_files/hg19ToHg38.over.chain.gz REJECT=/lus/grand/projects/TFXcan/imlab/data/baca_cwas/rejected_liftover_records/chr12_CWAS_SNPs_2023-05-15_phased.vcf.gz MAX_RECORDS_IN_RAM=100000 REFERENCE_SEQUENCE=/lus/grand/projects/TFXcan/imlab/data/hg_sequences/hg38/Homo_sapiens_assembly38.fasta    WARN_ON_MISSING_CONTIG=false LOG_FAILED_INTERVALS=true WRITE_ORIGINAL_POSITION=false WRITE_ORIGINAL_ALLELES=false LIFTOVER_MIN_MATCH=1.0 ALLOW_MISSING_FIELDS_IN_HEADER=false RECOVER_SWAPPED_REF_ALT=false TAGS_TO_REVERSE=[AF] TAGS_TO_DROP=[MAX_AF] DISABLE_SORT=false VERBOSITY=INFO QUIET=false VALIDATION_STRINGENCY=STRICT COMPRESSION_LEVEL=5 CREATE_INDEX=false CREATE_MD5_FILE=false USE_JDK_DEFLATER=false USE_JDK_INFLATER=false
[Fri May 19 15:22:15 UTC 2023] Executing as temi@x3006c0s19b0n0 on Linux 5.3.18-57-default amd64; OpenJDK 64-Bit Server VM 17.0.3-internal+0-adhoc..src; Deflater: Intel; Inflater: Intel; Provider GCS is not available; Picard version: 3.0.0-3-ge67fe94-SNAPSHOT
INFO	2023-05-19 15:22:15	LiftoverVcf	Loading up the target reference genome.
INFO	2023-05-19 15:22:20	LiftoverVcf	Lifting variants over and sorting (not yet writing the output file.)
15:22:28.115 WARN  IntelInflater - Zero Bytes Written : 0
INFO	2023-05-19 15:22:28	LiftoverVcf	Processed 265170 variants.
INFO	2023-05-19 15:22:28	LiftoverVcf	43 variants failed to liftover.
INFO	2023-05-19 15:22:28	LiftoverVcf	133 variants lifted over but had mismatching reference alleles after lift over.
INFO	2023-05-19 15:22:28	LiftoverVcf	0.0664% of variants were not successfully lifted over and written to the output.
INFO	2023-05-19 15:22:28	LiftoverVcf	liftover success by source contig:
INFO	2023-05-19 15:22:28	LiftoverVcf	chr12: 264994 / 265170 (99.9336%)
INFO	2023-05-19 15:22:28	LiftoverVcf	lifted variants by target contig:
INFO	2023-05-19 15:22:28	LiftoverVcf	chr12: 264994
WARNING	2023-05-19 15:22:28	LiftoverVcf	133 variants with a swapped REF/ALT were identified, but were not recovered.  See RECOVER_SWAPPED_REF_ALT and associated caveats.
INFO	2023-05-19 15:22:29	LiftoverVcf	Writing out sorted records to final VCF.
[Fri May 19 15:22:31 UTC 2023] picard.vcf.LiftoverVcf done. Elapsed time: 0.27 minutes.
Runtime.totalMemory()=956301312
INFO	2023-05-19 15:22:21	LiftoverVcf	

********** NOTE: Picard's command line syntax is changing.
**********
********** For more information, please see:
********** 
https://github.com/broadinstitute/picard/wiki/Command-Line-Syntax-Transition-For-Users-(Pre-Transition)
**********
********** The command line looks like this in the new syntax:
**********
**********    LiftoverVcf -I /lus/grand/projects/TFXcan/imlab/data/baca_cwas/split_vcf/chr14_CWAS_SNPs_2023-05-15_phased.vcf.gz -O /lus/grand/projects/TFXcan/imlab/data/baca_cwas/split_hg38_vcf/chr14_CWAS_SNPs_2023-05-15_phased.vcf.gz -CHAIN /lus/grand/projects/TFXcan/imlab/data/liftover_files/hg19ToHg38.over.chain.gz -REJECT /lus/grand/projects/TFXcan/imlab/data/baca_cwas/rejected_liftover_records/chr14_CWAS_SNPs_2023-05-15_phased.vcf.gz -R /lus/grand/projects/TFXcan/imlab/data/hg_sequences/hg38/Homo_sapiens_assembly38.fasta -MAX_RECORDS_IN_RAM 100000
**********


15:22:21.456 INFO  NativeLibraryLoader - Loading libgkl_compression.so from jar:file:/lus/grand/projects/TFXcan/imlab/users/temi/software/picard/build/libs/picard.jar!/com/intel/gkl/native/libgkl_compression.so
[Fri May 19 15:22:21 UTC 2023] LiftoverVcf INPUT=/lus/grand/projects/TFXcan/imlab/data/baca_cwas/split_vcf/chr14_CWAS_SNPs_2023-05-15_phased.vcf.gz OUTPUT=/lus/grand/projects/TFXcan/imlab/data/baca_cwas/split_hg38_vcf/chr14_CWAS_SNPs_2023-05-15_phased.vcf.gz CHAIN=/lus/grand/projects/TFXcan/imlab/data/liftover_files/hg19ToHg38.over.chain.gz REJECT=/lus/grand/projects/TFXcan/imlab/data/baca_cwas/rejected_liftover_records/chr14_CWAS_SNPs_2023-05-15_phased.vcf.gz MAX_RECORDS_IN_RAM=100000 REFERENCE_SEQUENCE=/lus/grand/projects/TFXcan/imlab/data/hg_sequences/hg38/Homo_sapiens_assembly38.fasta    WARN_ON_MISSING_CONTIG=false LOG_FAILED_INTERVALS=true WRITE_ORIGINAL_POSITION=false WRITE_ORIGINAL_ALLELES=false LIFTOVER_MIN_MATCH=1.0 ALLOW_MISSING_FIELDS_IN_HEADER=false RECOVER_SWAPPED_REF_ALT=false TAGS_TO_REVERSE=[AF] TAGS_TO_DROP=[MAX_AF] DISABLE_SORT=false VERBOSITY=INFO QUIET=false VALIDATION_STRINGENCY=STRICT COMPRESSION_LEVEL=5 CREATE_INDEX=false CREATE_MD5_FILE=false USE_JDK_DEFLATER=false USE_JDK_INFLATER=false
[Fri May 19 15:22:21 UTC 2023] Executing as temi@x3006c0s19b0n0 on Linux 5.3.18-57-default amd64; OpenJDK 64-Bit Server VM 17.0.3-internal+0-adhoc..src; Deflater: Intel; Inflater: Intel; Provider GCS is not available; Picard version: 3.0.0-3-ge67fe94-SNAPSHOT
INFO	2023-05-19 15:22:21	LiftoverVcf	Loading up the target reference genome.
INFO	2023-05-19 15:22:26	LiftoverVcf	Lifting variants over and sorting (not yet writing the output file.)
15:22:32.611 WARN  IntelInflater - Zero Bytes Written : 0
INFO	2023-05-19 15:22:32	LiftoverVcf	Processed 181413 variants.
INFO	2023-05-19 15:22:32	LiftoverVcf	734 variants failed to liftover.
INFO	2023-05-19 15:22:32	LiftoverVcf	1967 variants lifted over but had mismatching reference alleles after lift over.
INFO	2023-05-19 15:22:32	LiftoverVcf	1.4889% of variants were not successfully lifted over and written to the output.
INFO	2023-05-19 15:22:32	LiftoverVcf	liftover success by source contig:
INFO	2023-05-19 15:22:32	LiftoverVcf	chr14: 178712 / 181413 (98.5111%)
INFO	2023-05-19 15:22:32	LiftoverVcf	lifted variants by target contig:
INFO	2023-05-19 15:22:32	LiftoverVcf	chr14: 178709
INFO	2023-05-19 15:22:32	LiftoverVcf	chr14_KI270846v1_alt: 3
WARNING	2023-05-19 15:22:32	LiftoverVcf	1960 variants with a swapped REF/ALT were identified, but were not recovered.  See RECOVER_SWAPPED_REF_ALT and associated caveats.
INFO	2023-05-19 15:22:33	LiftoverVcf	Writing out sorted records to final VCF.
[Fri May 19 15:22:35 UTC 2023] picard.vcf.LiftoverVcf done. Elapsed time: 0.24 minutes.
Runtime.totalMemory()=10921967616
INFO	2023-05-19 15:22:23	LiftoverVcf	

********** NOTE: Picard's command line syntax is changing.
**********
********** For more information, please see:
********** 
https://github.com/broadinstitute/picard/wiki/Command-Line-Syntax-Transition-For-Users-(Pre-Transition)
**********
********** The command line looks like this in the new syntax:
**********
**********    LiftoverVcf -I /lus/grand/projects/TFXcan/imlab/data/baca_cwas/split_vcf/chr13_CWAS_SNPs_2023-05-15_phased.vcf.gz -O /lus/grand/projects/TFXcan/imlab/data/baca_cwas/split_hg38_vcf/chr13_CWAS_SNPs_2023-05-15_phased.vcf.gz -CHAIN /lus/grand/projects/TFXcan/imlab/data/liftover_files/hg19ToHg38.over.chain.gz -REJECT /lus/grand/projects/TFXcan/imlab/data/baca_cwas/rejected_liftover_records/chr13_CWAS_SNPs_2023-05-15_phased.vcf.gz -R /lus/grand/projects/TFXcan/imlab/data/hg_sequences/hg38/Homo_sapiens_assembly38.fasta -MAX_RECORDS_IN_RAM 100000
**********


15:22:23.493 INFO  NativeLibraryLoader - Loading libgkl_compression.so from jar:file:/lus/grand/projects/TFXcan/imlab/users/temi/software/picard/build/libs/picard.jar!/com/intel/gkl/native/libgkl_compression.so
[Fri May 19 15:22:23 UTC 2023] LiftoverVcf INPUT=/lus/grand/projects/TFXcan/imlab/data/baca_cwas/split_vcf/chr13_CWAS_SNPs_2023-05-15_phased.vcf.gz OUTPUT=/lus/grand/projects/TFXcan/imlab/data/baca_cwas/split_hg38_vcf/chr13_CWAS_SNPs_2023-05-15_phased.vcf.gz CHAIN=/lus/grand/projects/TFXcan/imlab/data/liftover_files/hg19ToHg38.over.chain.gz REJECT=/lus/grand/projects/TFXcan/imlab/data/baca_cwas/rejected_liftover_records/chr13_CWAS_SNPs_2023-05-15_phased.vcf.gz MAX_RECORDS_IN_RAM=100000 REFERENCE_SEQUENCE=/lus/grand/projects/TFXcan/imlab/data/hg_sequences/hg38/Homo_sapiens_assembly38.fasta    WARN_ON_MISSING_CONTIG=false LOG_FAILED_INTERVALS=true WRITE_ORIGINAL_POSITION=false WRITE_ORIGINAL_ALLELES=false LIFTOVER_MIN_MATCH=1.0 ALLOW_MISSING_FIELDS_IN_HEADER=false RECOVER_SWAPPED_REF_ALT=false TAGS_TO_REVERSE=[AF] TAGS_TO_DROP=[MAX_AF] DISABLE_SORT=false VERBOSITY=INFO QUIET=false VALIDATION_STRINGENCY=STRICT COMPRESSION_LEVEL=5 CREATE_INDEX=false CREATE_MD5_FILE=false USE_JDK_DEFLATER=false USE_JDK_INFLATER=false
[Fri May 19 15:22:23 UTC 2023] Executing as temi@x3006c0s19b0n0 on Linux 5.3.18-57-default amd64; OpenJDK 64-Bit Server VM 17.0.3-internal+0-adhoc..src; Deflater: Intel; Inflater: Intel; Provider GCS is not available; Picard version: 3.0.0-3-ge67fe94-SNAPSHOT
INFO	2023-05-19 15:22:23	LiftoverVcf	Loading up the target reference genome.
INFO	2023-05-19 15:22:28	LiftoverVcf	Lifting variants over and sorting (not yet writing the output file.)
15:22:35.381 WARN  IntelInflater - Zero Bytes Written : 0
INFO	2023-05-19 15:22:35	LiftoverVcf	Processed 206692 variants.
INFO	2023-05-19 15:22:35	LiftoverVcf	77 variants failed to liftover.
INFO	2023-05-19 15:22:35	LiftoverVcf	31 variants lifted over but had mismatching reference alleles after lift over.
INFO	2023-05-19 15:22:35	LiftoverVcf	0.0523% of variants were not successfully lifted over and written to the output.
INFO	2023-05-19 15:22:35	LiftoverVcf	liftover success by source contig:
INFO	2023-05-19 15:22:35	LiftoverVcf	chr13: 206584 / 206692 (99.9477%)
INFO	2023-05-19 15:22:35	LiftoverVcf	lifted variants by target contig:
INFO	2023-05-19 15:22:35	LiftoverVcf	chr13: 206584
WARNING	2023-05-19 15:22:35	LiftoverVcf	28 variants with a swapped REF/ALT were identified, but were not recovered.  See RECOVER_SWAPPED_REF_ALT and associated caveats.
INFO	2023-05-19 15:22:35	LiftoverVcf	Writing out sorted records to final VCF.
[Fri May 19 15:22:37 UTC 2023] picard.vcf.LiftoverVcf done. Elapsed time: 0.24 minutes.
Runtime.totalMemory()=12247367680
INFO	2023-05-19 15:22:32	LiftoverVcf	

********** NOTE: Picard's command line syntax is changing.
**********
********** For more information, please see:
********** 
https://github.com/broadinstitute/picard/wiki/Command-Line-Syntax-Transition-For-Users-(Pre-Transition)
**********
********** The command line looks like this in the new syntax:
**********
**********    LiftoverVcf -I /lus/grand/projects/TFXcan/imlab/data/baca_cwas/split_vcf/chrX_CWAS_SNPs_2023-05-15_phased.vcf.gz -O /lus/grand/projects/TFXcan/imlab/data/baca_cwas/split_hg38_vcf/chrX_CWAS_SNPs_2023-05-15_phased.vcf.gz -CHAIN /lus/grand/projects/TFXcan/imlab/data/liftover_files/hg19ToHg38.over.chain.gz -REJECT /lus/grand/projects/TFXcan/imlab/data/baca_cwas/rejected_liftover_records/chrX_CWAS_SNPs_2023-05-15_phased.vcf.gz -R /lus/grand/projects/TFXcan/imlab/data/hg_sequences/hg38/Homo_sapiens_assembly38.fasta -MAX_RECORDS_IN_RAM 100000
**********


15:22:32.488 INFO  NativeLibraryLoader - Loading libgkl_compression.so from jar:file:/lus/grand/projects/TFXcan/imlab/users/temi/software/picard/build/libs/picard.jar!/com/intel/gkl/native/libgkl_compression.so
[Fri May 19 15:22:32 UTC 2023] LiftoverVcf INPUT=/lus/grand/projects/TFXcan/imlab/data/baca_cwas/split_vcf/chrX_CWAS_SNPs_2023-05-15_phased.vcf.gz OUTPUT=/lus/grand/projects/TFXcan/imlab/data/baca_cwas/split_hg38_vcf/chrX_CWAS_SNPs_2023-05-15_phased.vcf.gz CHAIN=/lus/grand/projects/TFXcan/imlab/data/liftover_files/hg19ToHg38.over.chain.gz REJECT=/lus/grand/projects/TFXcan/imlab/data/baca_cwas/rejected_liftover_records/chrX_CWAS_SNPs_2023-05-15_phased.vcf.gz MAX_RECORDS_IN_RAM=100000 REFERENCE_SEQUENCE=/lus/grand/projects/TFXcan/imlab/data/hg_sequences/hg38/Homo_sapiens_assembly38.fasta    WARN_ON_MISSING_CONTIG=false LOG_FAILED_INTERVALS=true WRITE_ORIGINAL_POSITION=false WRITE_ORIGINAL_ALLELES=false LIFTOVER_MIN_MATCH=1.0 ALLOW_MISSING_FIELDS_IN_HEADER=false RECOVER_SWAPPED_REF_ALT=false TAGS_TO_REVERSE=[AF] TAGS_TO_DROP=[MAX_AF] DISABLE_SORT=false VERBOSITY=INFO QUIET=false VALIDATION_STRINGENCY=STRICT COMPRESSION_LEVEL=5 CREATE_INDEX=false CREATE_MD5_FILE=false USE_JDK_DEFLATER=false USE_JDK_INFLATER=false
[Fri May 19 15:22:32 UTC 2023] Executing as temi@x3006c0s19b0n0 on Linux 5.3.18-57-default amd64; OpenJDK 64-Bit Server VM 17.0.3-internal+0-adhoc..src; Deflater: Intel; Inflater: Intel; Provider GCS is not available; Picard version: 3.0.0-3-ge67fe94-SNAPSHOT
15:22:32.617 WARN  IntelInflater - Zero Bytes Written : 0
INFO	2023-05-19 15:22:32	LiftoverVcf	Loading up the target reference genome.
INFO	2023-05-19 15:22:37	LiftoverVcf	Lifting variants over and sorting (not yet writing the output file.)
15:22:37.886 WARN  IntelInflater - Zero Bytes Written : 0
INFO	2023-05-19 15:22:37	LiftoverVcf	Processed 0 variants.
INFO	2023-05-19 15:22:37	LiftoverVcf	0 variants failed to liftover.
INFO	2023-05-19 15:22:37	LiftoverVcf	0 variants lifted over but had mismatching reference alleles after lift over.
INFO	2023-05-19 15:22:37	LiftoverVcf	NaN of variants were not successfully lifted over and written to the output.
INFO	2023-05-19 15:22:37	LiftoverVcf	liftover success by source contig:
INFO	2023-05-19 15:22:37	LiftoverVcf	lifted variants by target contig:
INFO	2023-05-19 15:22:37	LiftoverVcf	no successfully lifted variants
WARNING	2023-05-19 15:22:37	LiftoverVcf	0 variants with a swapped REF/ALT were identified, but were not recovered.  See RECOVER_SWAPPED_REF_ALT and associated caveats.
INFO	2023-05-19 15:22:37	LiftoverVcf	Writing out sorted records to final VCF.
[Fri May 19 15:22:37 UTC 2023] picard.vcf.LiftoverVcf done. Elapsed time: 0.09 minutes.
Runtime.totalMemory()=6090129408
INFO	2023-05-19 15:22:36	LiftoverVcf	

********** NOTE: Picard's command line syntax is changing.
**********
********** For more information, please see:
********** 
https://github.com/broadinstitute/picard/wiki/Command-Line-Syntax-Transition-For-Users-(Pre-Transition)
**********
********** The command line looks like this in the new syntax:
**********
**********    LiftoverVcf -I /lus/grand/projects/TFXcan/imlab/data/baca_cwas/split_vcf/chrM_CWAS_SNPs_2023-05-15_phased.vcf.gz -O /lus/grand/projects/TFXcan/imlab/data/baca_cwas/split_hg38_vcf/chrM_CWAS_SNPs_2023-05-15_phased.vcf.gz -CHAIN /lus/grand/projects/TFXcan/imlab/data/liftover_files/hg19ToHg38.over.chain.gz -REJECT /lus/grand/projects/TFXcan/imlab/data/baca_cwas/rejected_liftover_records/chrM_CWAS_SNPs_2023-05-15_phased.vcf.gz -R /lus/grand/projects/TFXcan/imlab/data/hg_sequences/hg38/Homo_sapiens_assembly38.fasta -MAX_RECORDS_IN_RAM 100000
**********


15:22:36.285 INFO  NativeLibraryLoader - Loading libgkl_compression.so from jar:file:/lus/grand/projects/TFXcan/imlab/users/temi/software/picard/build/libs/picard.jar!/com/intel/gkl/native/libgkl_compression.so
[Fri May 19 15:22:36 UTC 2023] LiftoverVcf INPUT=/lus/grand/projects/TFXcan/imlab/data/baca_cwas/split_vcf/chrM_CWAS_SNPs_2023-05-15_phased.vcf.gz OUTPUT=/lus/grand/projects/TFXcan/imlab/data/baca_cwas/split_hg38_vcf/chrM_CWAS_SNPs_2023-05-15_phased.vcf.gz CHAIN=/lus/grand/projects/TFXcan/imlab/data/liftover_files/hg19ToHg38.over.chain.gz REJECT=/lus/grand/projects/TFXcan/imlab/data/baca_cwas/rejected_liftover_records/chrM_CWAS_SNPs_2023-05-15_phased.vcf.gz MAX_RECORDS_IN_RAM=100000 REFERENCE_SEQUENCE=/lus/grand/projects/TFXcan/imlab/data/hg_sequences/hg38/Homo_sapiens_assembly38.fasta    WARN_ON_MISSING_CONTIG=false LOG_FAILED_INTERVALS=true WRITE_ORIGINAL_POSITION=false WRITE_ORIGINAL_ALLELES=false LIFTOVER_MIN_MATCH=1.0 ALLOW_MISSING_FIELDS_IN_HEADER=false RECOVER_SWAPPED_REF_ALT=false TAGS_TO_REVERSE=[AF] TAGS_TO_DROP=[MAX_AF] DISABLE_SORT=false VERBOSITY=INFO QUIET=false VALIDATION_STRINGENCY=STRICT COMPRESSION_LEVEL=5 CREATE_INDEX=false CREATE_MD5_FILE=false USE_JDK_DEFLATER=false USE_JDK_INFLATER=false
[Fri May 19 15:22:36 UTC 2023] Executing as temi@x3006c0s19b0n0 on Linux 5.3.18-57-default amd64; OpenJDK 64-Bit Server VM 17.0.3-internal+0-adhoc..src; Deflater: Intel; Inflater: Intel; Provider GCS is not available; Picard version: 3.0.0-3-ge67fe94-SNAPSHOT
15:22:36.397 WARN  IntelInflater - Zero Bytes Written : 0
INFO	2023-05-19 15:22:36	LiftoverVcf	Loading up the target reference genome.
INFO	2023-05-19 15:22:41	LiftoverVcf	Lifting variants over and sorting (not yet writing the output file.)
15:22:41.092 WARN  IntelInflater - Zero Bytes Written : 0
INFO	2023-05-19 15:22:41	LiftoverVcf	Processed 0 variants.
INFO	2023-05-19 15:22:41	LiftoverVcf	0 variants failed to liftover.
INFO	2023-05-19 15:22:41	LiftoverVcf	0 variants lifted over but had mismatching reference alleles after lift over.
INFO	2023-05-19 15:22:41	LiftoverVcf	NaN of variants were not successfully lifted over and written to the output.
INFO	2023-05-19 15:22:41	LiftoverVcf	liftover success by source contig:
INFO	2023-05-19 15:22:41	LiftoverVcf	lifted variants by target contig:
INFO	2023-05-19 15:22:41	LiftoverVcf	no successfully lifted variants
WARNING	2023-05-19 15:22:41	LiftoverVcf	0 variants with a swapped REF/ALT were identified, but were not recovered.  See RECOVER_SWAPPED_REF_ALT and associated caveats.
INFO	2023-05-19 15:22:41	LiftoverVcf	Writing out sorted records to final VCF.
[Fri May 19 15:22:41 UTC 2023] picard.vcf.LiftoverVcf done. Elapsed time: 0.08 minutes.
Runtime.totalMemory()=5838471168
INFO	2023-05-19 15:22:21	LiftoverVcf	

********** NOTE: Picard's command line syntax is changing.
**********
********** For more information, please see:
********** 
https://github.com/broadinstitute/picard/wiki/Command-Line-Syntax-Transition-For-Users-(Pre-Transition)
**********
********** The command line looks like this in the new syntax:
**********
**********    LiftoverVcf -I /lus/grand/projects/TFXcan/imlab/data/baca_cwas/split_vcf/chr2_CWAS_SNPs_2023-05-15_phased.vcf.gz -O /lus/grand/projects/TFXcan/imlab/data/baca_cwas/split_hg38_vcf/chr2_CWAS_SNPs_2023-05-15_phased.vcf.gz -CHAIN /lus/grand/projects/TFXcan/imlab/data/liftover_files/hg19ToHg38.over.chain.gz -REJECT /lus/grand/projects/TFXcan/imlab/data/baca_cwas/rejected_liftover_records/chr2_CWAS_SNPs_2023-05-15_phased.vcf.gz -R /lus/grand/projects/TFXcan/imlab/data/hg_sequences/hg38/Homo_sapiens_assembly38.fasta -MAX_RECORDS_IN_RAM 100000
**********


15:22:21.137 INFO  NativeLibraryLoader - Loading libgkl_compression.so from jar:file:/lus/grand/projects/TFXcan/imlab/users/temi/software/picard/build/libs/picard.jar!/com/intel/gkl/native/libgkl_compression.so
[Fri May 19 15:22:21 UTC 2023] LiftoverVcf INPUT=/lus/grand/projects/TFXcan/imlab/data/baca_cwas/split_vcf/chr2_CWAS_SNPs_2023-05-15_phased.vcf.gz OUTPUT=/lus/grand/projects/TFXcan/imlab/data/baca_cwas/split_hg38_vcf/chr2_CWAS_SNPs_2023-05-15_phased.vcf.gz CHAIN=/lus/grand/projects/TFXcan/imlab/data/liftover_files/hg19ToHg38.over.chain.gz REJECT=/lus/grand/projects/TFXcan/imlab/data/baca_cwas/rejected_liftover_records/chr2_CWAS_SNPs_2023-05-15_phased.vcf.gz MAX_RECORDS_IN_RAM=100000 REFERENCE_SEQUENCE=/lus/grand/projects/TFXcan/imlab/data/hg_sequences/hg38/Homo_sapiens_assembly38.fasta    WARN_ON_MISSING_CONTIG=false LOG_FAILED_INTERVALS=true WRITE_ORIGINAL_POSITION=false WRITE_ORIGINAL_ALLELES=false LIFTOVER_MIN_MATCH=1.0 ALLOW_MISSING_FIELDS_IN_HEADER=false RECOVER_SWAPPED_REF_ALT=false TAGS_TO_REVERSE=[AF] TAGS_TO_DROP=[MAX_AF] DISABLE_SORT=false VERBOSITY=INFO QUIET=false VALIDATION_STRINGENCY=STRICT COMPRESSION_LEVEL=5 CREATE_INDEX=false CREATE_MD5_FILE=false USE_JDK_DEFLATER=false USE_JDK_INFLATER=false
[Fri May 19 15:22:21 UTC 2023] Executing as temi@x3006c0s19b0n0 on Linux 5.3.18-57-default amd64; OpenJDK 64-Bit Server VM 17.0.3-internal+0-adhoc..src; Deflater: Intel; Inflater: Intel; Provider GCS is not available; Picard version: 3.0.0-3-ge67fe94-SNAPSHOT
INFO	2023-05-19 15:22:21	LiftoverVcf	Loading up the target reference genome.
INFO	2023-05-19 15:22:26	LiftoverVcf	Lifting variants over and sorting (not yet writing the output file.)
15:22:39.914 WARN  IntelInflater - Zero Bytes Written : 0
INFO	2023-05-19 15:22:39	LiftoverVcf	Processed 459363 variants.
INFO	2023-05-19 15:22:39	LiftoverVcf	150 variants failed to liftover.
INFO	2023-05-19 15:22:39	LiftoverVcf	421 variants lifted over but had mismatching reference alleles after lift over.
INFO	2023-05-19 15:22:39	LiftoverVcf	0.1243% of variants were not successfully lifted over and written to the output.
INFO	2023-05-19 15:22:39	LiftoverVcf	liftover success by source contig:
INFO	2023-05-19 15:22:39	LiftoverVcf	chr2: 458792 / 459363 (99.8757%)
INFO	2023-05-19 15:22:39	LiftoverVcf	lifted variants by target contig:
INFO	2023-05-19 15:22:39	LiftoverVcf	chr1: 3
INFO	2023-05-19 15:22:39	LiftoverVcf	chr2: 458786
INFO	2023-05-19 15:22:39	LiftoverVcf	chr2_KI270894v1_alt: 3
WARNING	2023-05-19 15:22:39	LiftoverVcf	421 variants with a swapped REF/ALT were identified, but were not recovered.  See RECOVER_SWAPPED_REF_ALT and associated caveats.
INFO	2023-05-19 15:22:40	LiftoverVcf	Writing out sorted records to final VCF.
[Fri May 19 15:22:45 UTC 2023] picard.vcf.LiftoverVcf done. Elapsed time: 0.40 minutes.
Runtime.totalMemory()=12197036032
