    18655 HG00096_log.csv
    18655 HG00097_log.csv
    18655 HG00099_log.csv
    18655 HG00100_log.csv
    18655 HG00101_log.csv
    18655 HG00102_log.csv
    18655 HG00103_log.csv
    18655 HG00104_log.csv
    18655 HG00105_log.csv
    18655 HG00106_log.csv
    18655 HG00108_log.csv
    18655 HG00109_log.csv
    18655 HG00110_log.csv
    18655 HG00111_log.csv
    18655 HG00112_log.csv
    18655 HG00114_log.csv
    18655 HG00115_log.csv
    18655 HG00116_log.csv
    18655 HG00117_log.csv
    18655 HG00118_log.csv
    18655 HG00119_log.csv
    18655 HG00120_log.csv
    18655 HG00121_log.csv
    18655 HG00122_log.csv
    18655 HG00123_log.csv
    18655 HG00125_log.csv
    18655 HG00126_log.csv
    18655 HG00127_log.csv
    18655 HG00128_log.csv
    18655 HG00129_log.csv
    18655 HG00130_log.csv
    18655 HG00131_log.csv
    18655 HG00132_log.csv
    18655 HG00133_log.csv
    18655 HG00134_log.csv
    18655 HG00135_log.csv
    18655 HG00136_log.csv
    18655 HG00137_log.csv
    18655 HG00138_log.csv
    18655 HG00139_log.csv
    18655 HG00141_log.csv
    18655 HG00142_log.csv
    18655 HG00143_log.csv
    18655 HG00145_log.csv
    18655 HG00146_log.csv
    18655 HG00148_log.csv
    18655 HG00149_log.csv
    18655 HG00150_log.csv
    18655 HG00151_log.csv
    18655 HG00152_log.csv
    18655 HG00154_log.csv
    18655 HG00155_log.csv
    18655 HG00156_log.csv
    18655 HG00157_log.csv
    18655 HG00158_log.csv
    18655 HG00159_log.csv
    18655 HG00160_log.csv
    18655 HG00171_log.csv
    18655 HG00173_log.csv
    18655 HG00174_log.csv
    18655 HG00176_log.csv
    18655 HG00177_log.csv
    18655 HG00178_log.csv
    18655 HG00179_log.csv
    18655 HG00180_log.csv
    18655 HG00181_log.csv
    18655 HG00182_log.csv
    18655 HG00183_log.csv
    18655 HG00185_log.csv
    18655 HG00186_log.csv
    18655 HG00187_log.csv
    18655 HG00188_log.csv
    18655 HG00189_log.csv
    18655 HG00231_log.csv
    18655 HG00232_log.csv
    18655 HG00233_log.csv
    18655 HG00234_log.csv
    18655 HG00235_log.csv
    18655 HG00236_log.csv
    18655 HG00238_log.csv
    18655 HG00239_log.csv
    18655 HG00240_log.csv
    18655 HG00242_log.csv
    18655 HG00243_log.csv
    18655 HG00244_log.csv
    18655 HG00245_log.csv
    18655 HG00246_log.csv
    18655 HG00249_log.csv
    18655 HG00250_log.csv
    18655 HG00251_log.csv
    18655 HG00252_log.csv
    18655 HG00253_log.csv
    18655 HG00255_log.csv
    18655 HG00256_log.csv
    18655 HG00257_log.csv
    18655 HG00258_log.csv
    18655 HG00259_log.csv
    18655 HG00260_log.csv
    18655 HG00261_log.csv
    18655 HG00262_log.csv
    18655 HG00263_log.csv
    18655 HG00264_log.csv
    18655 HG00265_log.csv
    18655 HG00266_log.csv
    18655 HG00267_log.csv
    18655 HG00268_log.csv
    18655 HG00269_log.csv
    18655 HG00271_log.csv
    18655 HG00272_log.csv
    18655 HG00273_log.csv
    18655 HG00274_log.csv
    18655 HG00275_log.csv
    18655 HG00276_log.csv
    18655 HG00277_log.csv
    18655 HG00278_log.csv
    18655 HG00280_log.csv
    18655 HG00281_log.csv
    18655 HG00282_log.csv
    18655 HG00284_log.csv
    18655 HG00285_log.csv
    18655 HG00306_log.csv
    18655 HG00308_log.csv
    18655 HG00309_log.csv
    18655 HG00310_log.csv
    18655 HG00311_log.csv
    18655 HG00312_log.csv
    18655 HG00313_log.csv
    18655 HG00315_log.csv
    18655 HG00319_log.csv
    18655 HG00320_log.csv
    18655 HG00321_log.csv
    18655 HG00323_log.csv
    18655 HG00324_log.csv
    18655 HG00325_log.csv
    18655 HG00326_log.csv
    18655 HG00327_log.csv
    18655 HG00328_log.csv
    18655 HG00329_log.csv
    18655 HG00330_log.csv
    18655 HG00331_log.csv
    18655 HG00332_log.csv
    18655 HG00334_log.csv
    18655 HG00335_log.csv
    18655 HG00336_log.csv
    18655 HG00337_log.csv
    18655 HG00338_log.csv
    18655 HG00339_log.csv
    18655 HG00341_log.csv
    18655 HG00342_log.csv
    18655 HG00343_log.csv
    18655 HG00344_log.csv
    18655 HG00345_log.csv
    18655 HG00346_log.csv
    18655 HG00349_log.csv
    18655 HG00350_log.csv
    18655 HG00351_log.csv
    18655 HG00353_log.csv
    18655 HG00355_log.csv
    18655 HG00356_log.csv
    18655 HG00358_log.csv
    18655 HG00359_log.csv
    18655 HG00360_log.csv
    18655 HG00361_log.csv
    18655 HG00362_log.csv
    18655 HG00364_log.csv
    18655 HG00365_log.csv
    18655 HG00366_log.csv
    18655 HG00367_log.csv
    18655 HG00369_log.csv
    18655 HG00371_log.csv
    18655 HG00372_log.csv
    18655 HG00373_log.csv
    18655 HG00375_log.csv
    18655 HG00376_log.csv
    18655 HG00377_log.csv
    18655 HG00378_log.csv
    18655 HG00379_log.csv
    18655 HG00380_log.csv
    18655 HG00381_log.csv
    18655 HG00382_log.csv
    18655 HG00383_log.csv
    18655 HG00384_log.csv
    18655 HG01334_log.csv
    18655 HG01789_log.csv
    18655 HG01790_log.csv
    18655 HG01791_log.csv
    18655 HG02215_log.csv
    18655 NA06984_log.csv
    18655 NA06985_log.csv
    18655 NA06986_log.csv
    18655 NA06989_log.csv
    18655 NA06994_log.csv
    18655 NA07037_log.csv
    18655 NA07048_log.csv
    18655 NA07051_log.csv
    18655 NA07056_log.csv
    18655 NA07347_log.csv
    18655 NA07357_log.csv
    18655 NA10847_log.csv
    18655 NA10851_log.csv
    17910 NA11829_log.csv
    17909 NA11830_log.csv
    17907 NA11831_log.csv
    17907 NA11832_log.csv
    17906 NA11840_log.csv
    17903 NA11843_log.csv
    17902 NA11881_log.csv
    17901 NA11892_log.csv
    17900 NA11893_log.csv
    17897 NA11894_log.csv
    17896 NA11918_log.csv
    17896 NA11920_log.csv
    17895 NA11930_log.csv
    17894 NA11931_log.csv
    17894 NA11992_log.csv
    17893 NA11994_log.csv
    17893 NA11995_log.csv
    17893 NA12004_log.csv
    17892 NA12005_log.csv
    17889 NA12006_log.csv
    10069 NA12043_log.csv
    10066 NA12044_log.csv
    10062 NA12045_log.csv
    10059 NA12058_log.csv
    10054 NA12144_log.csv
    10045 NA12154_log.csv
    10044 NA12155_log.csv
    10039 NA12156_log.csv
    10035 NA12234_log.csv
    10029 NA12249_log.csv
    10025 NA12272_log.csv
    10023 NA12273_log.csv
    10022 NA12275_log.csv
    10017 NA12282_log.csv
    10013 NA12283_log.csv
    10009 NA12286_log.csv
    10003 NA12287_log.csv
     9999 NA12340_log.csv
     9992 NA12341_log.csv
     9989 NA12342_log.csv
     2562 NA12347_log.csv
     2555 NA12348_log.csv
     2550 NA12383_log.csv
     2547 NA12399_log.csv
     2543 NA12400_log.csv
     2542 NA12413_log.csv
     2539 NA12489_log.csv
     2535 NA12546_log.csv
     2528 NA12716_log.csv
     2524 NA12717_log.csv
     2523 NA12718_log.csv
     2518 NA12749_log.csv
     2513 NA12750_log.csv
     2512 NA12751_log.csv
     2510 NA12760_log.csv
     2508 NA12761_log.csv
     2507 NA12762_log.csv
     2506 NA12763_log.csv
     2505 NA12775_log.csv
     2502 NA12776_log.csv
        3 NA12777_log.csv
        2 NA12778_log.csv
       84 NA18502_log.csv
       72 NA18505_log.csv
       68 NA18508_log.csv
       68 NA18510_log.csv
       65 NA18511_log.csv
       66 NA18517_log.csv
       65 NA18519_log.csv
       65 NA18520_log.csv
       65 NA18858_log.csv
       65 NA18861_log.csv
       63 NA18867_log.csv
       63 NA18868_log.csv
       63 NA18870_log.csv
       63 NA18873_log.csv
       63 NA18907_log.csv
       63 NA18908_log.csv
       63 NA18909_log.csv
       61 NA18910_log.csv
       61 NA18912_log.csv
       60 NA18916_log.csv
     3369 NA18917_log.csv
     3363 NA18923_log.csv
     3360 NA18933_log.csv
     3356 NA18934_log.csv
     3351 NA19092_log.csv
     3349 NA19093_log.csv
     3349 NA19095_log.csv
     3343 NA19096_log.csv
     3338 NA19098_log.csv
     3336 NA19099_log.csv
     3331 NA19102_log.csv
     3330 NA19107_log.csv
     3325 NA19108_log.csv
     3323 NA19113_log.csv
     3319 NA19114_log.csv
     3318 NA19116_log.csv
     3315 NA19117_log.csv
     3313 NA19118_log.csv
     3308 NA19119_log.csv
     3305 NA19121_log.csv
    13259 NA19129_log.csv
    13258 NA19130_log.csv
    13256 NA19131_log.csv
    13255 NA19137_log.csv
    13255 NA19138_log.csv
    13253 NA19141_log.csv
    13253 NA19143_log.csv
    13252 NA19144_log.csv
    13250 NA19146_log.csv
    13249 NA19147_log.csv
    13248 NA19149_log.csv
    13248 NA19152_log.csv
    13245 NA19153_log.csv
    13243 NA19159_log.csv
    13244 NA19160_log.csv
    13242 NA19171_log.csv
    13238 NA19172_log.csv
    13238 NA19175_log.csv
    13235 NA19184_log.csv
    13232 NA19185_log.csv
    18484 NA19189_log.csv
    18484 NA19190_log.csv
    18484 NA19197_log.csv
    18484 NA19198_log.csv
    18484 NA19200_log.csv
    18483 NA19201_log.csv
    18483 NA19204_log.csv
    18483 NA19206_log.csv
    18483 NA19207_log.csv
    18482 NA19209_log.csv
    18482 NA19210_log.csv
    18482 NA19213_log.csv
    18482 NA19214_log.csv
    18482 NA19222_log.csv
    18482 NA19223_log.csv
    18482 NA19225_log.csv
    18482 NA19235_log.csv
    18482 NA19236_log.csv
    18482 NA19247_log.csv
    18482 NA19248_log.csv
    18655 NA19256_log.csv
    18655 NA19257_log.csv
    18655 NA20502_log.csv
    18655 NA20503_log.csv
    18655 NA20504_log.csv
    18655 NA20505_log.csv
    18655 NA20506_log.csv
    18655 NA20507_log.csv
    18655 NA20508_log.csv
    18655 NA20509_log.csv
    18655 NA20510_log.csv
    18655 NA20512_log.csv
    18655 NA20513_log.csv
    18655 NA20514_log.csv
    18655 NA20515_log.csv
    18655 NA20516_log.csv
    18655 NA20517_log.csv
    18655 NA20518_log.csv
    18655 NA20519_log.csv
    18655 NA20520_log.csv
    18655 NA20521_log.csv
    18655 NA20524_log.csv
    18655 NA20525_log.csv
    18655 NA20527_log.csv
    18655 NA20528_log.csv
    18655 NA20529_log.csv
    18655 NA20530_log.csv
    18655 NA20531_log.csv
    18655 NA20532_log.csv
    18655 NA20534_log.csv
    18655 NA20535_log.csv
    18655 NA20536_log.csv
    18655 NA20537_log.csv
    18655 NA20538_log.csv
    18655 NA20539_log.csv
    18655 NA20540_log.csv
    18655 NA20541_log.csv
    18655 NA20542_log.csv
    18655 NA20543_log.csv
    18655 NA20544_log.csv
    15754 NA20581_log.csv
    15754 NA20582_log.csv
    15753 NA20585_log.csv
    15750 NA20586_log.csv
    15749 NA20588_log.csv
    15748 NA20589_log.csv
    15748 NA20752_log.csv
    15747 NA20754_log.csv
    15747 NA20756_log.csv
    15747 NA20757_log.csv
    15745 NA20758_log.csv
    15742 NA20759_log.csv
    15742 NA20760_log.csv
    15739 NA20761_log.csv
    15737 NA20765_log.csv
    15735 NA20766_log.csv
    15732 NA20768_log.csv
    15732 NA20769_log.csv
    15731 NA20770_log.csv
    15731 NA20771_log.csv
     5454 NA20772_log.csv
     5448 NA20773_log.csv
     5444 NA20774_log.csv
     5443 NA20778_log.csv
     5437 NA20783_log.csv
     5436 NA20785_log.csv
     5431 NA20786_log.csv
     5424 NA20787_log.csv
     5418 NA20790_log.csv
     5417 NA20792_log.csv
     5411 NA20795_log.csv
     5408 NA20796_log.csv
     5404 NA20797_log.csv
     5396 NA20798_log.csv
     5387 NA20799_log.csv
     5385 NA20800_log.csv
     5379 NA20801_log.csv
     5379 NA20802_log.csv
     5376 NA20803_log.csv
     5373 NA20804_log.csv
     4465 NA20805_log.csv
     4457 NA20806_log.csv
     4453 NA20807_log.csv
     4448 NA20808_log.csv
     4444 NA20809_log.csv
     4433 NA20810_log.csv
     4427 NA20811_log.csv
     4418 NA20812_log.csv
     4414 NA20813_log.csv
     4412 NA20814_log.csv
     4405 NA20815_log.csv
     4399 NA20816_log.csv
     4389 NA20819_log.csv
     4385 NA20826_log.csv
     4378 NA20828_log.csv
  6278359 total
